<!DOCTYPE html>
<html>
    <body>
        <a href="/">Back</a>
        <mutation-test-report-app title-postfix="Infection"></mutation-test-report-app>
        <script defer src="https://cdn.jsdelivr.net/npm/mutation-testing-elements/dist/mutation-test-elements.js"></script>
        <script>
            const app = document.getElementsByTagName('mutation-test-report-app').item(0);
            function updateTheme() {
                document.body.style.backgroundColor = app.themeBackgroundColor;
            }
            app.addEventListener('theme-changed', updateTheme);
            updateTheme();

            document.getElementsByTagName('mutation-test-report-app').item(0).report = {"schemaVersion":"1","thresholds":{"high":90,"low":50},"files":{"":{"language":"php","source":"<?php\n\ndeclare(strict_types=1);\n\nnamespace App\\Controllers\\Api;\n\nuse App\\Models\\Status;\nuse App\\Models\\User;\nuse Radix\\Controller\\ApiController;\nuse Radix\\Http\\JsonResponse;\nuse Throwable;\n\nclass UserController extends ApiController\n{\n    public function index(): JsonResponse\n    {\n        $this->validateRequest(); \/\/ Kontrollera API-token f\u00f6r GET-anrop\n\n        \/\/ H\u00e4mta anv\u00e4ndardata\n        $pageRaw   = $this->request->get['page']    ?? 1;\n        $perPageRaw = $this->request->get['perPage'] ?? 10;\n\n        $currentPage = is_numeric($pageRaw) ? (int) $pageRaw : 1;\n        $perPage     = is_numeric($perPageRaw) ? (int) $perPageRaw : 10;\n\n        \/** @var array{\n         *     data: list<\\App\\Models\\User>,\n         *     pagination: array<string,mixed>\n         * } $results\n         *\/\n        $results = User::with('status')\n            ->paginate($perPage, $currentPage);\n\n        return $this->json([\n            'success' => true,\n            'data' => array_map(\n                \/**\n                 * @param \\App\\Models\\User $user\n                 * @return array<string,mixed>\n                 *\/\n                fn(User $user): array => $user->toArray(),\n                $results['data']\n            ),\n            'meta' => $results['pagination'],\n        ]);\n    }\n\n    public function store(): JsonResponse\n    {\n        \/\/ Validera inkommande f\u00f6rfr\u00e5gan\n        $this->validateRequest([\n            'first_name' => 'required|string|min:2|max:15',\n            'last_name' => 'required|string|min:2|max:15',\n            'email' => 'required|email|unique:App\\Models\\User,email',\n            'password' => 'required|string|min:8|max:15',\n            'password_confirmation' => 'required|confirmed:password',\n        ]);\n\n        $data = $this->request->post;\n\n        $firstName = is_string($data['first_name'] ?? null) ? $data['first_name'] : '';\n        $lastName  = is_string($data['last_name'] ?? null) ? $data['last_name'] : '';\n        $email     = is_string($data['email'] ?? null) ? $data['email'] : '';\n        \/** @var non-empty-string $password *\/\n        $password  = is_string($data['password'] ?? null) ? $data['password'] : '';\n\n        \/\/ Skapa anv\u00e4ndare\n        $user = new User();\n        $user->fill([\n            'first_name' => $firstName,\n            'last_name'  => $lastName,\n            'email'      => $email,\n        ]);\n        $user->password = $password; \/\/ triggar setPasswordAttribute\n        $user->save();\n\n        $status = new Status();\n        $status->fill([\n            'user_id' => $user->id,\n            'status' => 'activate',\n        ]);\n        $status->save();\n\n        \/\/ Returnera resultat\n        return $this->json(['success' => true, 'data' => $user->toArray()], 201);\n    }\n\n    public function update(string $id): JsonResponse\n    {\n        $this->validateRequest([\n            'first_name' => 'nullable|string|min:2|max:15',\n            'last_name' => 'nullable|string|min:2|max:15',\n            'email' => 'nullable|email', \/\/ Endast validera om e-post skickas\n            'password' => 'nullable|string|min:6',\n        ]);\n\n        $user = User::find($id);\n\n        if (!$user) {\n            return $this->json([\n                'success' => false,\n                'errors' => ['user' => 'Anv\u00e4ndaren kunde inte hittas.'],\n            ], 404);\n        }\n\n        $data = $this->request->filterFields($this->request->post, ['password']);\n\n        \/\/ Hantera l\u00f6senord\n        if (array_key_exists('password', $this->request->post)\n            && is_string($this->request->post['password'])\n            && $this->request->post['password'] !== ''\n        ) {\n            \/** @var non-empty-string $password *\/\n            $password = $this->request->post['password'];\n            $user->password = $password;\n        }\n\n        $user->fill($data);\n        $user->save();\n\n        return $this->json([\n            'success' => true,\n            'data' => $user->toArray(),\n        ]);\n    }\n\n    public function partialUpdate(string $id): JsonResponse\n    {\n        $rules = [\n            'first_name' => 'sometimes|string|min:2|max:15',\n            'last_name' => 'sometimes|string|min:2|max:15',\n        ];\n\n        \/\/ L\u00e4gg endast till email-regeln om f\u00e4ltet existerar i indata\n        if (isset($this->request->post['email'])) {\n            $rules['email'] = \"email|unique:App\\Models\\User,email,$id,id\";\n        }\n\n        $this->validateRequest($rules);\n\n        $user = User::find($id);\n\n        if (!$user) {\n            return $this->json([\n                'success' => false,\n                'errors' => ['user' => 'Anv\u00e4ndaren kunde inte hittas.'],\n            ], 404);\n        }\n\n        \/\/ Filtrera bort on\u00f6diga f\u00e4lt\n        $data = $this->request->filterFields($this->request->post);\n\n        \/\/ Uppdatera anv\u00e4ndaren\n        $user->fill($data);\n        $user->save();\n\n        return $this->json([\n            'success' => true,\n            'data' => $user->toArray(),\n        ]);\n    }\n\n    public function delete(string $id): JsonResponse\n    {\n        \/\/ Steg 1: Validera API-token eller session\n        $this->validateRequest();\n\n        \/\/ Steg 2: H\u00e4mta anv\u00e4ndaren (inklusive trashed)\n        $user = User::find($id, true);\n\n        \/\/ Kontrollera att anv\u00e4ndaren existerar\n        if (!$user) {\n            return $this->json([\n                'success' => false,\n                'errors' => ['user' => 'Anv\u00e4ndaren kunde inte hittas.'],\n            ], 404);\n        }\n\n        \/\/ Steg 3: S\u00e4kerst\u00e4ll att `deleted_at` finns, annars h\u00e4mta det typ-s\u00e4kert\n        if (!array_key_exists('deleted_at', $user->getAttributes())) {\n            $rawDeletedAt = $user->fetchGuardedAttribute('deleted_at');\n\n            if (!is_string($rawDeletedAt)) {\n                $rawDeletedAt = null;\n            }\n\n            \/** @var string|null $rawDeletedAt *\/\n            $user->deleted_at = $rawDeletedAt;\n        }\n\n        \/\/ Steg 4: Kontrollera om anv\u00e4ndaren redan \u00e4r soft deleted\n        if (!empty($user->deleted_at)) {\n            return $this->json([\n                'success' => false,\n                'errors' => ['user' => 'Anv\u00e4ndaren \u00e4r redan soft deleted.'],\n            ], 400);\n        }\n\n        \/\/ Steg 5: Utf\u00f6r soft delete\n        try {\n            $user->delete();\n        } catch (Throwable $e) {\n            return $this->json([\n                'success' => false,\n                'errors' => ['server' => \"Fel: {$e->getMessage()}\"],\n            ], 500);\n        }\n\n        return $this->json([\n            'success' => true,\n            'message' => 'Anv\u00e4ndaren har raderats (soft delete).',\n        ]);\n    }\n}\n","mutants":[{"id":"b7673675e5c7a6735b35c59b0ba1ef4c","mutatorName":"PublicVisibility","replacement":"protected function index(): JsonResponse","description":"Replaces the `public` method visibility keyword with `protected`.","location":{"start":{"line":15,"column":5},"end":{"line":15,"column":42}},"status":"Killed","statusReason":"PHPUnit 11.5.44 by Sebastian Bergmann and contributors.\n\nRuntime:       PHP 8.3.3\nConfiguration: C:\\Users\\mats\\AppData\\Local\\Temp\\infection\\phpunitConfiguration.b7673675e5c7a6735b35c59b0ba1ef4c.infection.xml\n\nE\nNotice: fwrite(): Write of 141 bytes failed with errno=13 Permission denied in C:\\Users\\mats\\PhpstormProjects\\Radix\\vendor\\infection\\include-interceptor\\src\\IncludeInterceptor.php on line 359\n\n\nTime: 00:00.153, Memory: 12.00 MB\n\nThere was 1 error:\n\n1) Radix\\Tests\\Api\\UserControllerTest::testGet\nError: Call to protected method App\\Controllers\\Api\\UserController::index() from scope Radix\\Tests\\Api\\UserControllerTest\n\nC:\\Users\\mats\\PhpstormProjects\\Radix\\tests\\Api\\UserControllerTest.php:183\n\nERRORS!\nTests: 1, Assertions: 0, Errors: 1.","coveredBy":["d9cb032ecd25b8794eea315ecb6cbd60"],"killedBy":["d9cb032ecd25b8794eea315ecb6cbd60"],"testsCompleted":1},{"id":"cb7f03102a9109253ec7c39644459e29","mutatorName":"MethodCallRemoval","replacement":"\/\/ Kontrollera API-token f\u00f6r GET-anrop","description":"Removes the method call.","location":{"start":{"line":17,"column":9},"end":{"line":17,"column":34}},"status":"Survived","statusReason":"PHPUnit 11.5.44 by Sebastian Bergmann and contributors.\n\nRuntime:       PHP 8.3.3\nConfiguration: C:\\Users\\mats\\AppData\\Local\\Temp\\infection\\phpunitConfiguration.cb7f03102a9109253ec7c39644459e29.infection.xml\n\n..........                                                        10 \/ 10 (100%)\nNotice: fwrite(): Write of 699 bytes failed with errno=13 Permission denied in C:\\Users\\mats\\PhpstormProjects\\Radix\\vendor\\infection\\include-interceptor\\src\\IncludeInterceptor.php on line 359\n\n\nTime: 00:00.900, Memory: 14.00 MB\n\nOK (10 tests, 42 assertions)","coveredBy":["d9cb032ecd25b8794eea315ecb6cbd60"],"killedBy":[],"testsCompleted":0},{"id":"95f22f020f579597e0c5d1c17694d4a7","mutatorName":"DecrementInteger","replacement":"$pageRaw   = $this->request->get['page']    ?? 0;","description":"Decrements an integer value with 1.","location":{"start":{"line":20,"column":9},"end":{"line":20,"column":58}},"status":"Survived","statusReason":"PHPUnit 11.5.44 by Sebastian Bergmann and contributors.\n\nRuntime:       PHP 8.3.3\nConfiguration: C:\\Users\\mats\\AppData\\Local\\Temp\\infection\\phpunitConfiguration.95f22f020f579597e0c5d1c17694d4a7.infection.xml\n\n..........                                                        10 \/ 10 (100%)\nNotice: fwrite(): Write of 700 bytes failed with errno=13 Permission denied in C:\\Users\\mats\\PhpstormProjects\\Radix\\vendor\\infection\\include-interceptor\\src\\IncludeInterceptor.php on line 359\n\n\nTime: 00:00.869, Memory: 14.00 MB\n\nOK (10 tests, 42 assertions)","coveredBy":["d9cb032ecd25b8794eea315ecb6cbd60"],"killedBy":[],"testsCompleted":0},{"id":"920b42beee3d76e35501c6c344b5acc0","mutatorName":"IncrementInteger","replacement":"$pageRaw   = $this->request->get['page']    ?? 2;","description":"Increments an integer value with 1.","location":{"start":{"line":20,"column":9},"end":{"line":20,"column":58}},"status":"Survived","statusReason":"PHPUnit 11.5.44 by Sebastian Bergmann and contributors.\n\nRuntime:       PHP 8.3.3\nConfiguration: C:\\Users\\mats\\AppData\\Local\\Temp\\infection\\phpunitConfiguration.920b42beee3d76e35501c6c344b5acc0.infection.xml\n\n..........                                                        10 \/ 10 (100%)\nNotice: fwrite(): Write of 700 bytes failed with errno=13 Permission denied in C:\\Users\\mats\\PhpstormProjects\\Radix\\vendor\\infection\\include-interceptor\\src\\IncludeInterceptor.php on line 359\n\n\nTime: 00:00.886, Memory: 14.00 MB\n\nOK (10 tests, 42 assertions)","coveredBy":["d9cb032ecd25b8794eea315ecb6cbd60"],"killedBy":[],"testsCompleted":0},{"id":"c37f6847c5b50c92bd0060a8b515fe06","mutatorName":"Coalesce","replacement":"$pageRaw   = 1 ?? $this->request->get['page'];","description":"Swaps the coalesce operator (`??`) operands,\ne.g. replaces `$a ?? $b` with `$b ?? $a` or `$a ?? $b ?? $c` with `$b ?? $a ?? $c` and `$a ?? $c ?? $b`.","location":{"start":{"line":20,"column":9},"end":{"line":20,"column":58}},"status":"Survived","statusReason":"PHPUnit 11.5.44 by Sebastian Bergmann and contributors.\n\nRuntime:       PHP 8.3.3\nConfiguration: C:\\Users\\mats\\AppData\\Local\\Temp\\infection\\phpunitConfiguration.c37f6847c5b50c92bd0060a8b515fe06.infection.xml\n\n..........                                                        10 \/ 10 (100%)\nNotice: fwrite(): Write of 700 bytes failed with errno=13 Permission denied in C:\\Users\\mats\\PhpstormProjects\\Radix\\vendor\\infection\\include-interceptor\\src\\IncludeInterceptor.php on line 359\n\n\nTime: 00:00.938, Memory: 14.00 MB\n\nOK (10 tests, 42 assertions)","coveredBy":["d9cb032ecd25b8794eea315ecb6cbd60"],"killedBy":[],"testsCompleted":0},{"id":"0d3933c841f36a5b24a5a17ca4f22d1c","mutatorName":"DecrementInteger","replacement":"$perPageRaw = $this->request->get['perPage'] ?? 9;","description":"Decrements an integer value with 1.","location":{"start":{"line":21,"column":9},"end":{"line":21,"column":60}},"status":"Survived","statusReason":"PHPUnit 11.5.44 by Sebastian Bergmann and contributors.\n\nRuntime:       PHP 8.3.3\nConfiguration: C:\\Users\\mats\\AppData\\Local\\Temp\\infection\\phpunitConfiguration.0d3933c841f36a5b24a5a17ca4f22d1c.infection.xml\n\n..........                                                        10 \/ 10 (100%)\nNotice: fwrite(): Write of 700 bytes failed with errno=13 Permission denied in C:\\Users\\mats\\PhpstormProjects\\Radix\\vendor\\infection\\include-interceptor\\src\\IncludeInterceptor.php on line 359\n\n\nTime: 00:00.862, Memory: 14.00 MB\n\nOK (10 tests, 42 assertions)","coveredBy":["d9cb032ecd25b8794eea315ecb6cbd60"],"killedBy":[],"testsCompleted":0},{"id":"eae4937666587c5deb6b4e136d6d69fc","mutatorName":"IncrementInteger","replacement":"$perPageRaw = $this->request->get['perPage'] ?? 11;","description":"Increments an integer value with 1.","location":{"start":{"line":21,"column":9},"end":{"line":21,"column":60}},"status":"Survived","statusReason":"PHPUnit 11.5.44 by Sebastian Bergmann and contributors.\n\nRuntime:       PHP 8.3.3\nConfiguration: C:\\Users\\mats\\AppData\\Local\\Temp\\infection\\phpunitConfiguration.eae4937666587c5deb6b4e136d6d69fc.infection.xml\n\n..........                                                        10 \/ 10 (100%)\nNotice: fwrite(): Write of 703 bytes failed with errno=13 Permission denied in C:\\Users\\mats\\PhpstormProjects\\Radix\\vendor\\infection\\include-interceptor\\src\\IncludeInterceptor.php on line 359\n\n\nTime: 00:00.917, Memory: 14.00 MB\n\nOK (10 tests, 42 assertions)","coveredBy":["d9cb032ecd25b8794eea315ecb6cbd60"],"killedBy":[],"testsCompleted":0},{"id":"29dd6e55f07eada6d2e2ed0d2969fe77","mutatorName":"Coalesce","replacement":"$perPageRaw = 10 ?? $this->request->get['perPage'];","description":"Swaps the coalesce operator (`??`) operands,\ne.g. replaces `$a ?? $b` with `$b ?? $a` or `$a ?? $b ?? $c` with `$b ?? $a ?? $c` and `$a ?? $c ?? $b`.","location":{"start":{"line":21,"column":9},"end":{"line":21,"column":60}},"status":"Survived","statusReason":"PHPUnit 11.5.44 by Sebastian Bergmann and contributors.\n\nRuntime:       PHP 8.3.3\nConfiguration: C:\\Users\\mats\\AppData\\Local\\Temp\\infection\\phpunitConfiguration.29dd6e55f07eada6d2e2ed0d2969fe77.infection.xml\n\n..........                                                        10 \/ 10 (100%)\nNotice: fwrite(): Write of 700 bytes failed with errno=13 Permission denied in C:\\Users\\mats\\PhpstormProjects\\Radix\\vendor\\infection\\include-interceptor\\src\\IncludeInterceptor.php on line 359\n\n\nTime: 00:00.901, Memory: 14.00 MB\n\nOK (10 tests, 42 assertions)","coveredBy":["d9cb032ecd25b8794eea315ecb6cbd60"],"killedBy":[],"testsCompleted":0},{"id":"9640cf25f3181df001af7dc4ccd5c1c5","mutatorName":"CastInt","replacement":"$currentPage = is_numeric($pageRaw) ? $pageRaw : 1;","description":"Removes an integer cast operator (`(int)`).","location":{"start":{"line":23,"column":9},"end":{"line":23,"column":66}},"status":"Survived","statusReason":"PHPUnit 11.5.44 by Sebastian Bergmann and contributors.\n\nRuntime:       PHP 8.3.3\nConfiguration: C:\\Users\\mats\\AppData\\Local\\Temp\\infection\\phpunitConfiguration.9640cf25f3181df001af7dc4ccd5c1c5.infection.xml\n\n..........                                                        10 \/ 10 (100%)\nNotice: fwrite(): Write of 700 bytes failed with errno=13 Permission denied in C:\\Users\\mats\\PhpstormProjects\\Radix\\vendor\\infection\\include-interceptor\\src\\IncludeInterceptor.php on line 359\n\n\nTime: 00:00.942, Memory: 14.00 MB\n\nOK (10 tests, 42 assertions)","coveredBy":["d9cb032ecd25b8794eea315ecb6cbd60"],"killedBy":[],"testsCompleted":0},{"id":"7525e02fcbfdb5e52e7ee1b4d30449ff","mutatorName":"DecrementInteger","replacement":"$currentPage = is_numeric($pageRaw) ? (int) $pageRaw : 0;","description":"Decrements an integer value with 1.","location":{"start":{"line":23,"column":9},"end":{"line":23,"column":66}},"status":"Survived","statusReason":"PHPUnit 11.5.44 by Sebastian Bergmann and contributors.\n\nRuntime:       PHP 8.3.3\nConfiguration: C:\\Users\\mats\\AppData\\Local\\Temp\\infection\\phpunitConfiguration.7525e02fcbfdb5e52e7ee1b4d30449ff.infection.xml\n\n..........                                                        10 \/ 10 (100%)\nNotice: fwrite(): Write of 704 bytes failed with errno=13 Permission denied in C:\\Users\\mats\\PhpstormProjects\\Radix\\vendor\\infection\\include-interceptor\\src\\IncludeInterceptor.php on line 359\n\n\nTime: 00:00.914, Memory: 14.00 MB\n\nOK (10 tests, 42 assertions)","coveredBy":["d9cb032ecd25b8794eea315ecb6cbd60"],"killedBy":[],"testsCompleted":0},{"id":"781e918af5799fc9528ad460a63be63f","mutatorName":"IncrementInteger","replacement":"$currentPage = is_numeric($pageRaw) ? (int) $pageRaw : 2;","description":"Increments an integer value with 1.","location":{"start":{"line":23,"column":9},"end":{"line":23,"column":66}},"status":"Survived","statusReason":"PHPUnit 11.5.44 by Sebastian Bergmann and contributors.\n\nRuntime:       PHP 8.3.3\nConfiguration: C:\\Users\\mats\\AppData\\Local\\Temp\\infection\\phpunitConfiguration.781e918af5799fc9528ad460a63be63f.infection.xml\n\n..........                                                        10 \/ 10 (100%)\nNotice: fwrite(): Write of 703 bytes failed with errno=13 Permission denied in C:\\Users\\mats\\PhpstormProjects\\Radix\\vendor\\infection\\include-interceptor\\src\\IncludeInterceptor.php on line 359\n\n\nTime: 00:00.878, Memory: 14.00 MB\n\nOK (10 tests, 42 assertions)","coveredBy":["d9cb032ecd25b8794eea315ecb6cbd60"],"killedBy":[],"testsCompleted":0},{"id":"1204f2e3ca17bcf0cfb3d7ddde378fef","mutatorName":"Ternary","replacement":"$currentPage = is_numeric($pageRaw) ? 1 : (int) $pageRaw;","description":"Swaps the ternary operator operands, e.g. replaces `true ? true : false` with `true ? false : true`.","location":{"start":{"line":23,"column":9},"end":{"line":23,"column":66}},"status":"Survived","statusReason":"PHPUnit 11.5.44 by Sebastian Bergmann and contributors.\n\nRuntime:       PHP 8.3.3\nConfiguration: C:\\Users\\mats\\AppData\\Local\\Temp\\infection\\phpunitConfiguration.1204f2e3ca17bcf0cfb3d7ddde378fef.infection.xml\n\n..........                                                        10 \/ 10 (100%)\nNotice: fwrite(): Write of 702 bytes failed with errno=13 Permission denied in C:\\Users\\mats\\PhpstormProjects\\Radix\\vendor\\infection\\include-interceptor\\src\\IncludeInterceptor.php on line 359\n\n\nTime: 00:00.903, Memory: 14.00 MB\n\nOK (10 tests, 42 assertions)","coveredBy":["d9cb032ecd25b8794eea315ecb6cbd60"],"killedBy":[],"testsCompleted":0},{"id":"e0183384d811692a07fe92a2cbfc0794","mutatorName":"CastInt","replacement":"$perPage     = is_numeric($perPageRaw) ? $perPageRaw : 10;","description":"Removes an integer cast operator (`(int)`).","location":{"start":{"line":24,"column":9},"end":{"line":24,"column":73}},"status":"Survived","statusReason":"PHPUnit 11.5.44 by Sebastian Bergmann and contributors.\n\nRuntime:       PHP 8.3.3\nConfiguration: C:\\Users\\mats\\AppData\\Local\\Temp\\infection\\phpunitConfiguration.e0183384d811692a07fe92a2cbfc0794.infection.xml\n\n..........                                                        10 \/ 10 (100%)\nNotice: fwrite(): Write of 700 bytes failed with errno=13 Permission denied in C:\\Users\\mats\\PhpstormProjects\\Radix\\vendor\\infection\\include-interceptor\\src\\IncludeInterceptor.php on line 359\n\n\nTime: 00:00.933, Memory: 14.00 MB\n\nOK (10 tests, 42 assertions)","coveredBy":["d9cb032ecd25b8794eea315ecb6cbd60"],"killedBy":[],"testsCompleted":0},{"id":"8d7ff0e55115e438fe4ebe976e5e24a1","mutatorName":"DecrementInteger","replacement":"$perPage     = is_numeric($perPageRaw) ? (int) $perPageRaw : 9;","description":"Decrements an integer value with 1.","location":{"start":{"line":24,"column":9},"end":{"line":24,"column":73}},"status":"Survived","statusReason":"PHPUnit 11.5.44 by Sebastian Bergmann and contributors.\n\nRuntime:       PHP 8.3.3\nConfiguration: C:\\Users\\mats\\AppData\\Local\\Temp\\infection\\phpunitConfiguration.8d7ff0e55115e438fe4ebe976e5e24a1.infection.xml\n\n..........                                                        10 \/ 10 (100%)\nNotice: fwrite(): Write of 703 bytes failed with errno=13 Permission denied in C:\\Users\\mats\\PhpstormProjects\\Radix\\vendor\\infection\\include-interceptor\\src\\IncludeInterceptor.php on line 359\n\n\nTime: 00:01.085, Memory: 14.00 MB\n\nOK (10 tests, 42 assertions)","coveredBy":["d9cb032ecd25b8794eea315ecb6cbd60"],"killedBy":[],"testsCompleted":0},{"id":"25ba7f9e88f95a00bf5f619771f07a6b","mutatorName":"IncrementInteger","replacement":"$perPage     = is_numeric($perPageRaw) ? (int) $perPageRaw : 11;","description":"Increments an integer value with 1.","location":{"start":{"line":24,"column":9},"end":{"line":24,"column":73}},"status":"Survived","statusReason":"PHPUnit 11.5.44 by Sebastian Bergmann and contributors.\n\nRuntime:       PHP 8.3.3\nConfiguration: C:\\Users\\mats\\AppData\\Local\\Temp\\infection\\phpunitConfiguration.25ba7f9e88f95a00bf5f619771f07a6b.infection.xml\n\n..........                                                        10 \/ 10 (100%)\nNotice: fwrite(): Write of 699 bytes failed with errno=13 Permission denied in C:\\Users\\mats\\PhpstormProjects\\Radix\\vendor\\infection\\include-interceptor\\src\\IncludeInterceptor.php on line 359\n\n\nTime: 00:01.117, Memory: 14.00 MB\n\nOK (10 tests, 42 assertions)","coveredBy":["d9cb032ecd25b8794eea315ecb6cbd60"],"killedBy":[],"testsCompleted":0},{"id":"d4ec50ad3c9116521d23891442bee722","mutatorName":"Ternary","replacement":"$perPage     = is_numeric($perPageRaw) ? 10 : (int) $perPageRaw;","description":"Swaps the ternary operator operands, e.g. replaces `true ? true : false` with `true ? false : true`.","location":{"start":{"line":24,"column":9},"end":{"line":24,"column":73}},"status":"Survived","statusReason":"PHPUnit 11.5.44 by Sebastian Bergmann and contributors.\n\nRuntime:       PHP 8.3.3\nConfiguration: C:\\Users\\mats\\AppData\\Local\\Temp\\infection\\phpunitConfiguration.d4ec50ad3c9116521d23891442bee722.infection.xml\n\n..........                                                        10 \/ 10 (100%)\nNotice: fwrite(): Write of 699 bytes failed with errno=13 Permission denied in C:\\Users\\mats\\PhpstormProjects\\Radix\\vendor\\infection\\include-interceptor\\src\\IncludeInterceptor.php on line 359\n\n\nTime: 00:01.171, Memory: 14.00 MB\n\nOK (10 tests, 42 assertions)","coveredBy":["d9cb032ecd25b8794eea315ecb6cbd60"],"killedBy":[],"testsCompleted":0},{"id":"d5f6281d7f6f0d5f7a0e711069f1e4ee","mutatorName":"ArrayItemRemoval","replacement":"","description":"Removes an element of an array literal. For example:\n\n```php\n$x = [0, 1, 2];\n```\n\nWill be mutated to:\n\n```php\n$x = [1, 2];\n```\n\nAnd:\n\n```php\n$x = [0, 2];\n```\n\nAnd:\n\n```php\n$x = [0, 1];\n```\n\nWhich elements it removes or how many elements it will attempt to remove will depend on its\nconfiguration.\n","location":{"start":{"line":34,"column":9},"end":{"line":45,"column":29}},"status":"Killed","statusReason":"PHPUnit 11.5.44 by Sebastian Bergmann and contributors.\n\nRuntime:       PHP 8.3.3\nConfiguration: C:\\Users\\mats\\AppData\\Local\\Temp\\infection\\phpunitConfiguration.d5f6281d7f6f0d5f7a0e711069f1e4ee.infection.xml\n\nF\nNotice: fwrite(): Write of 140 bytes failed with errno=13 Permission denied in C:\\Users\\mats\\PhpstormProjects\\Radix\\vendor\\infection\\include-interceptor\\src\\IncludeInterceptor.php on line 359\n\n\nTime: 00:00.155, Memory: 12.00 MB\n\nThere was 1 failure:\n\n1) Radix\\Tests\\Api\\UserControllerTest::testGet\nFailed asserting that null is true.\n\nC:\\Users\\mats\\PhpstormProjects\\Radix\\tests\\Api\\UserControllerTest.php:198\n\n--\n\n1 test triggered 1 PHP warning:\n\n1) C:\\Users\\mats\\PhpstormProjects\\Radix\\tests\\Api\\UserControllerTest.php:198\nUndefined array key \"success\"\n\nFAILURES!\nTests: 1, Assertions: 2, Failures: 1, Warnings: 1.","coveredBy":["d9cb032ecd25b8794eea315ecb6cbd60"],"killedBy":["d9cb032ecd25b8794eea315ecb6cbd60"],"testsCompleted":1},{"id":"1682c8edd7c3f1f87e2e99cdb75e51e0","mutatorName":"TrueValue","replacement":"'success' => false,","description":"Replaces a boolean literal (`true`) with its opposite value (`false`). ","location":{"start":{"line":35,"column":13},"end":{"line":35,"column":31}},"status":"Killed","statusReason":"PHPUnit 11.5.44 by Sebastian Bergmann and contributors.\n\nRuntime:       PHP 8.3.3\nConfiguration: C:\\Users\\mats\\AppData\\Local\\Temp\\infection\\phpunitConfiguration.1682c8edd7c3f1f87e2e99cdb75e51e0.infection.xml\n\nF\nNotice: fwrite(): Write of 140 bytes failed with errno=13 Permission denied in C:\\Users\\mats\\PhpstormProjects\\Radix\\vendor\\infection\\include-interceptor\\src\\IncludeInterceptor.php on line 359\n\n\nTime: 00:00.151, Memory: 12.00 MB\n\nThere was 1 failure:\n\n1) Radix\\Tests\\Api\\UserControllerTest::testGet\nFailed asserting that false is true.\n\nC:\\Users\\mats\\PhpstormProjects\\Radix\\tests\\Api\\UserControllerTest.php:198\n\nFAILURES!\nTests: 1, Assertions: 2, Failures: 1.","coveredBy":["d9cb032ecd25b8794eea315ecb6cbd60"],"killedBy":["d9cb032ecd25b8794eea315ecb6cbd60"],"testsCompleted":1},{"id":"e4889458f64f108db50c7ee1a7508e4b","mutatorName":"UnwrapArrayMap","replacement":"'data' => $results['data'],","description":"Replaces an `array_map` function call with its array operand. For example:\n\n```php\n$x = array_map($callback, ['foo', 'bar', 'baz']);\n```\n\nWill be mutated to:\n\n```php\n$x = ['foo', 'bar', 'baz'];\n```","location":{"start":{"line":36,"column":13},"end":{"line":43,"column":33}},"status":"Survived","statusReason":"PHPUnit 11.5.44 by Sebastian Bergmann and contributors.\n\nRuntime:       PHP 8.3.3\nConfiguration: C:\\Users\\mats\\AppData\\Local\\Temp\\infection\\phpunitConfiguration.e4889458f64f108db50c7ee1a7508e4b.infection.xml\n\n..........                                                        10 \/ 10 (100%)\nNotice: fwrite(): Write of 703 bytes failed with errno=13 Permission denied in C:\\Users\\mats\\PhpstormProjects\\Radix\\vendor\\infection\\include-interceptor\\src\\IncludeInterceptor.php on line 359\n\n\nTime: 00:01.220, Memory: 12.00 MB\n\nOK (10 tests, 42 assertions)","coveredBy":["d9cb032ecd25b8794eea315ecb6cbd60"],"killedBy":[],"testsCompleted":0},{"id":"ca8c9d583209500e7fdd7fca38421be4","mutatorName":"PublicVisibility","replacement":"protected function store(): JsonResponse","description":"Replaces the `public` method visibility keyword with `protected`.","location":{"start":{"line":48,"column":5},"end":{"line":48,"column":42}},"status":"Killed","statusReason":"PHPUnit 11.5.44 by Sebastian Bergmann and contributors.\n\nRuntime:       PHP 8.3.3\nConfiguration: C:\\Users\\mats\\AppData\\Local\\Temp\\infection\\phpunitConfiguration.ca8c9d583209500e7fdd7fca38421be4.infection.xml\n\n.E\nNotice: fwrite(): Write of 200 bytes failed with errno=13 Permission denied in C:\\Users\\mats\\PhpstormProjects\\Radix\\vendor\\infection\\include-interceptor\\src\\IncludeInterceptor.php on line 359\n\n\nTime: 00:00.330, Memory: 12.00 MB\n\nThere was 1 error:\n\n1) Radix\\Tests\\Api\\UserControllerTest::testStore\nError: Call to protected method App\\Controllers\\Api\\UserController::store() from scope Radix\\Tests\\Api\\UserControllerTest\n\nC:\\Users\\mats\\PhpstormProjects\\Radix\\tests\\Api\\UserControllerTest.php:263\n\nERRORS!\nTests: 2, Assertions: 7, Errors: 1.","coveredBy":["85f5c831ab47be5aff39e497f271c815"],"killedBy":["85f5c831ab47be5aff39e497f271c815"],"testsCompleted":2},{"id":"8a68861d5d5b50751947c72e6f5cc20e","mutatorName":"MethodCallRemoval","replacement":"","description":"Removes the method call.","location":{"start":{"line":51,"column":9},"end":{"line":57,"column":12}},"status":"Killed","statusReason":"PHPUnit 11.5.44 by Sebastian Bergmann and contributors.\n\nRuntime:       PHP 8.3.3\nConfiguration: C:\\Users\\mats\\AppData\\Local\\Temp\\infection\\phpunitConfiguration.8a68861d5d5b50751947c72e6f5cc20e.infection.xml\n\n.F\nNotice: fwrite(): Write of 200 bytes failed with errno=13 Permission denied in C:\\Users\\mats\\PhpstormProjects\\Radix\\vendor\\infection\\include-interceptor\\src\\IncludeInterceptor.php on line 359\n\n\nTime: 00:00.398, Memory: 14.00 MB\n\nThere was 1 failure:\n\n1) Radix\\Tests\\Api\\UserControllerTest::testStore\nFailed asserting that two strings are equal.\n--- Expected\n+++ Actual\n@@ @@\n-'John'\n+''\n\nC:\\Users\\mats\\PhpstormProjects\\Radix\\tests\\Api\\UserControllerTest.php:271\n\nFAILURES!\nTests: 2, Assertions: 10, Failures: 1.","coveredBy":["85f5c831ab47be5aff39e497f271c815"],"killedBy":["85f5c831ab47be5aff39e497f271c815"],"testsCompleted":2},{"id":"80f2b2cba68cac44c353b063f1c5df64","mutatorName":"ArrayItemRemoval","replacement":"","description":"Removes an element of an array literal. For example:\n\n```php\n$x = [0, 1, 2];\n```\n\nWill be mutated to:\n\n```php\n$x = [1, 2];\n```\n\nAnd:\n\n```php\n$x = [0, 2];\n```\n\nAnd:\n\n```php\n$x = [0, 1];\n```\n\nWhich elements it removes or how many elements it will attempt to remove will depend on its\nconfiguration.\n","location":{"start":{"line":51,"column":9},"end":{"line":57,"column":33}},"status":"Survived","statusReason":"PHPUnit 11.5.44 by Sebastian Bergmann and contributors.\n\nRuntime:       PHP 8.3.3\nConfiguration: C:\\Users\\mats\\AppData\\Local\\Temp\\infection\\phpunitConfiguration.80f2b2cba68cac44c353b063f1c5df64.infection.xml\n\n..........                                                        10 \/ 10 (100%)\nNotice: fwrite(): Write of 704 bytes failed with errno=13 Permission denied in C:\\Users\\mats\\PhpstormProjects\\Radix\\vendor\\infection\\include-interceptor\\src\\IncludeInterceptor.php on line 359\n\n\nTime: 00:01.315, Memory: 14.00 MB\n\nOK (10 tests, 42 assertions)","coveredBy":["85f5c831ab47be5aff39e497f271c815"],"killedBy":[],"testsCompleted":0},{"id":"a2d2d7916ea24fe1eb0be9d47c6e4491","mutatorName":"Ternary","replacement":"$firstName = is_string($data['first_name'] ?? null) ? '' : $data['first_name'];","description":"Swaps the ternary operator operands, e.g. replaces `true ? true : false` with `true ? false : true`.","location":{"start":{"line":61,"column":9},"end":{"line":61,"column":88}},"status":"Killed","statusReason":"PHPUnit 11.5.44 by Sebastian Bergmann and contributors.\n\nRuntime:       PHP 8.3.3\nConfiguration: C:\\Users\\mats\\AppData\\Local\\Temp\\infection\\phpunitConfiguration.a2d2d7916ea24fe1eb0be9d47c6e4491.infection.xml\n\n.F\nNotice: fwrite(): Write of 199 bytes failed with errno=13 Permission denied in C:\\Users\\mats\\PhpstormProjects\\Radix\\vendor\\infection\\include-interceptor\\src\\IncludeInterceptor.php on line 359\n\n\nTime: 00:00.407, Memory: 14.00 MB\n\nThere was 1 failure:\n\n1) Radix\\Tests\\Api\\UserControllerTest::testStore\nFailed asserting that two strings are equal.\n--- Expected\n+++ Actual\n@@ @@\n-'John'\n+''\n\nC:\\Users\\mats\\PhpstormProjects\\Radix\\tests\\Api\\UserControllerTest.php:271\n\nFAILURES!\nTests: 2, Assertions: 10, Failures: 1.","coveredBy":["85f5c831ab47be5aff39e497f271c815"],"killedBy":["85f5c831ab47be5aff39e497f271c815"],"testsCompleted":2},{"id":"9684a150e59d713cca4bf3d6084abe9c","mutatorName":"Ternary","replacement":"$lastName  = is_string($data['last_name'] ?? null) ? '' : $data['last_name'];","description":"Swaps the ternary operator operands, e.g. replaces `true ? true : false` with `true ? false : true`.","location":{"start":{"line":62,"column":9},"end":{"line":62,"column":86}},"status":"Survived","statusReason":"PHPUnit 11.5.44 by Sebastian Bergmann and contributors.\n\nRuntime:       PHP 8.3.3\nConfiguration: C:\\Users\\mats\\AppData\\Local\\Temp\\infection\\phpunitConfiguration.9684a150e59d713cca4bf3d6084abe9c.infection.xml\n\n..........                                                        10 \/ 10 (100%)\nNotice: fwrite(): Write of 703 bytes failed with errno=13 Permission denied in C:\\Users\\mats\\PhpstormProjects\\Radix\\vendor\\infection\\include-interceptor\\src\\IncludeInterceptor.php on line 359\n\n\nTime: 00:01.391, Memory: 14.00 MB\n\nOK (10 tests, 42 assertions)","coveredBy":["85f5c831ab47be5aff39e497f271c815"],"killedBy":[],"testsCompleted":0},{"id":"ce05a1fa3a37579e627c3715ca5239f4","mutatorName":"Ternary","replacement":"$email     = is_string($data['email'] ?? null) ? '' : $data['email'];","description":"Swaps the ternary operator operands, e.g. replaces `true ? true : false` with `true ? false : true`.","location":{"start":{"line":63,"column":9},"end":{"line":63,"column":78}},"status":"Killed","statusReason":"PHPUnit 11.5.44 by Sebastian Bergmann and contributors.\n\nRuntime:       PHP 8.3.3\nConfiguration: C:\\Users\\mats\\AppData\\Local\\Temp\\infection\\phpunitConfiguration.ce05a1fa3a37579e627c3715ca5239f4.infection.xml\n\n.F\nNotice: fwrite(): Write of 200 bytes failed with errno=13 Permission denied in C:\\Users\\mats\\PhpstormProjects\\Radix\\vendor\\infection\\include-interceptor\\src\\IncludeInterceptor.php on line 359\n\n\nTime: 00:00.451, Memory: 14.00 MB\n\nThere was 1 failure:\n\n1) Radix\\Tests\\Api\\UserControllerTest::testStore\nFailed asserting that null is not null.\n\nC:\\Users\\mats\\PhpstormProjects\\Radix\\tests\\Api\\UserControllerTest.php:277\n\nFAILURES!\nTests: 2, Assertions: 11, Failures: 1.","coveredBy":["85f5c831ab47be5aff39e497f271c815"],"killedBy":["85f5c831ab47be5aff39e497f271c815"],"testsCompleted":2},{"id":"25469878cb7b007cf3e5a09692e30169","mutatorName":"Ternary","replacement":"$password  = is_string($data['password'] ?? null) ? '' : $data['password'];","description":"Swaps the ternary operator operands, e.g. replaces `true ? true : false` with `true ? false : true`.","location":{"start":{"line":65,"column":9},"end":{"line":65,"column":84}},"status":"Survived","statusReason":"PHPUnit 11.5.44 by Sebastian Bergmann and contributors.\n\nRuntime:       PHP 8.3.3\nConfiguration: C:\\Users\\mats\\AppData\\Local\\Temp\\infection\\phpunitConfiguration.25469878cb7b007cf3e5a09692e30169.infection.xml\n\n..........                                                        10 \/ 10 (100%)\nNotice: fwrite(): Write of 704 bytes failed with errno=13 Permission denied in C:\\Users\\mats\\PhpstormProjects\\Radix\\vendor\\infection\\include-interceptor\\src\\IncludeInterceptor.php on line 359\n\n\nTime: 00:01.465, Memory: 14.00 MB\n\nOK (10 tests, 42 assertions)","coveredBy":["85f5c831ab47be5aff39e497f271c815"],"killedBy":[],"testsCompleted":0},{"id":"a73a3a186738d3857ef97a5202db1880","mutatorName":"ArrayItemRemoval","replacement":"","description":"Removes an element of an array literal. For example:\n\n```php\n$x = [0, 1, 2];\n```\n\nWill be mutated to:\n\n```php\n$x = [1, 2];\n```\n\nAnd:\n\n```php\n$x = [0, 2];\n```\n\nAnd:\n\n```php\n$x = [0, 1];\n```\n\nWhich elements it removes or how many elements it will attempt to remove will depend on its\nconfiguration.\n","location":{"start":{"line":69,"column":9},"end":{"line":73,"column":22}},"status":"Killed","statusReason":"PHPUnit 11.5.44 by Sebastian Bergmann and contributors.\n\nRuntime:       PHP 8.3.3\nConfiguration: C:\\Users\\mats\\AppData\\Local\\Temp\\infection\\phpunitConfiguration.a73a3a186738d3857ef97a5202db1880.infection.xml\n\n.E\nNotice: fwrite(): Write of 200 bytes failed with errno=13 Permission denied in C:\\Users\\mats\\PhpstormProjects\\Radix\\vendor\\infection\\include-interceptor\\src\\IncludeInterceptor.php on line 359\n\n\nTime: 00:00.476, Memory: 14.00 MB\n\nThere was 1 error:\n\n1) Radix\\Tests\\Api\\UserControllerTest::testStore\nPDOException: SQLSTATE[23000]: Integrity constraint violation: 19 NOT NULL constraint failed: users.first_name\n\nC:\\Users\\mats\\PhpstormProjects\\Radix\\framework\\src\\Database\\Connection.php:45\nC:\\Users\\mats\\PhpstormProjects\\Radix\\framework\\src\\Database\\ORM\\Model.php:596\nC:\\Users\\mats\\PhpstormProjects\\Radix\\framework\\src\\Database\\ORM\\Model.php:561\nC:\\Users\\mats\\PhpstormProjects\\Radix\\src\\Controllers\\Api\\UserController.php:74\nC:\\Users\\mats\\PhpstormProjects\\Radix\\tests\\Api\\UserControllerTest.php:263\n\nERRORS!\nTests: 2, Assertions: 7, Errors: 1.","coveredBy":["85f5c831ab47be5aff39e497f271c815"],"killedBy":["85f5c831ab47be5aff39e497f271c815"],"testsCompleted":2},{"id":"7c76a21cb489410bedd7c0312a8ecd13","mutatorName":"MethodCallRemoval","replacement":"","description":"Removes the method call.","location":{"start":{"line":69,"column":9},"end":{"line":73,"column":12}},"status":"Killed","statusReason":"PHPUnit 11.5.44 by Sebastian Bergmann and contributors.\n\nRuntime:       PHP 8.3.3\nConfiguration: C:\\Users\\mats\\AppData\\Local\\Temp\\infection\\phpunitConfiguration.7c76a21cb489410bedd7c0312a8ecd13.infection.xml\n\n.E\nNotice: fwrite(): Write of 200 bytes failed with errno=13 Permission denied in C:\\Users\\mats\\PhpstormProjects\\Radix\\vendor\\infection\\include-interceptor\\src\\IncludeInterceptor.php on line 359\n\n\nTime: 00:00.395, Memory: 14.00 MB\n\nThere was 1 error:\n\n1) Radix\\Tests\\Api\\UserControllerTest::testStore\nPDOException: SQLSTATE[23000]: Integrity constraint violation: 19 NOT NULL constraint failed: users.first_name\n\nC:\\Users\\mats\\PhpstormProjects\\Radix\\framework\\src\\Database\\Connection.php:45\nC:\\Users\\mats\\PhpstormProjects\\Radix\\framework\\src\\Database\\ORM\\Model.php:596\nC:\\Users\\mats\\PhpstormProjects\\Radix\\framework\\src\\Database\\ORM\\Model.php:561\nC:\\Users\\mats\\PhpstormProjects\\Radix\\src\\Controllers\\Api\\UserController.php:71\nC:\\Users\\mats\\PhpstormProjects\\Radix\\tests\\Api\\UserControllerTest.php:263\n\nERRORS!\nTests: 2, Assertions: 7, Errors: 1.","coveredBy":["85f5c831ab47be5aff39e497f271c815"],"killedBy":["85f5c831ab47be5aff39e497f271c815"],"testsCompleted":2},{"id":"f4c087ec0dbc43884bb63751dcaf332b","mutatorName":"MethodCallRemoval","replacement":"$user->password = $password;","description":"Removes the method call.","location":{"start":{"line":75,"column":9},"end":{"line":75,"column":23}},"status":"Killed","statusReason":"PHPUnit 11.5.44 by Sebastian Bergmann and contributors.\n\nRuntime:       PHP 8.3.3\nConfiguration: C:\\Users\\mats\\AppData\\Local\\Temp\\infection\\phpunitConfiguration.f4c087ec0dbc43884bb63751dcaf332b.infection.xml\n\n.E\nNotice: fwrite(): Write of 200 bytes failed with errno=13 Permission denied in C:\\Users\\mats\\PhpstormProjects\\Radix\\vendor\\infection\\include-interceptor\\src\\IncludeInterceptor.php on line 359\n\n\nTime: 00:00.450, Memory: 14.00 MB\n\nThere was 1 error:\n\n1) Radix\\Tests\\Api\\UserControllerTest::testStore\nException: Undefined property or relation 'id' in model.\n\nC:\\Users\\mats\\PhpstormProjects\\Radix\\framework\\src\\Database\\ORM\\Model.php:490\nC:\\Users\\mats\\PhpstormProjects\\Radix\\src\\Controllers\\Api\\UserController.php:78\nC:\\Users\\mats\\PhpstormProjects\\Radix\\tests\\Api\\UserControllerTest.php:263\n\nERRORS!\nTests: 2, Assertions: 7, Errors: 1.","coveredBy":["85f5c831ab47be5aff39e497f271c815"],"killedBy":["85f5c831ab47be5aff39e497f271c815"],"testsCompleted":2},{"id":"0afdc6c42ac699070dcd99ce31088131","mutatorName":"ArrayItemRemoval","replacement":"","description":"Removes an element of an array literal. For example:\n\n```php\n$x = [0, 1, 2];\n```\n\nWill be mutated to:\n\n```php\n$x = [1, 2];\n```\n\nAnd:\n\n```php\n$x = [0, 2];\n```\n\nAnd:\n\n```php\n$x = [0, 1];\n```\n\nWhich elements it removes or how many elements it will attempt to remove will depend on its\nconfiguration.\n","location":{"start":{"line":78,"column":9},"end":{"line":81,"column":24}},"status":"Killed","statusReason":"PHPUnit 11.5.44 by Sebastian Bergmann and contributors.\n\nRuntime:       PHP 8.3.3\nConfiguration: C:\\Users\\mats\\AppData\\Local\\Temp\\infection\\phpunitConfiguration.0afdc6c42ac699070dcd99ce31088131.infection.xml\n\n.E\nNotice: fwrite(): Write of 200 bytes failed with errno=13 Permission denied in C:\\Users\\mats\\PhpstormProjects\\Radix\\vendor\\infection\\include-interceptor\\src\\IncludeInterceptor.php on line 359\n\n\nTime: 00:00.409, Memory: 14.00 MB\n\nThere was 1 error:\n\n1) Radix\\Tests\\Api\\UserControllerTest::testStore\nPDOException: SQLSTATE[23000]: Integrity constraint violation: 19 NOT NULL constraint failed: status.user_id\n\nC:\\Users\\mats\\PhpstormProjects\\Radix\\framework\\src\\Database\\Connection.php:45\nC:\\Users\\mats\\PhpstormProjects\\Radix\\framework\\src\\Database\\ORM\\Model.php:596\nC:\\Users\\mats\\PhpstormProjects\\Radix\\framework\\src\\Database\\ORM\\Model.php:561\nC:\\Users\\mats\\PhpstormProjects\\Radix\\src\\Controllers\\Api\\UserController.php:81\nC:\\Users\\mats\\PhpstormProjects\\Radix\\tests\\Api\\UserControllerTest.php:263\n\nERRORS!\nTests: 2, Assertions: 7, Errors: 1.","coveredBy":["85f5c831ab47be5aff39e497f271c815"],"killedBy":["85f5c831ab47be5aff39e497f271c815"],"testsCompleted":2},{"id":"e24edc5f168ff0c36e0af7dbe8aba6e6","mutatorName":"MethodCallRemoval","replacement":"","description":"Removes the method call.","location":{"start":{"line":78,"column":9},"end":{"line":81,"column":12}},"status":"Killed","statusReason":"PHPUnit 11.5.44 by Sebastian Bergmann and contributors.\n\nRuntime:       PHP 8.3.3\nConfiguration: C:\\Users\\mats\\AppData\\Local\\Temp\\infection\\phpunitConfiguration.e24edc5f168ff0c36e0af7dbe8aba6e6.infection.xml\n\n.E\nNotice: fwrite(): Write of 200 bytes failed with errno=13 Permission denied in C:\\Users\\mats\\PhpstormProjects\\Radix\\vendor\\infection\\include-interceptor\\src\\IncludeInterceptor.php on line 359\n\n\nTime: 00:00.432, Memory: 14.00 MB\n\nThere was 1 error:\n\n1) Radix\\Tests\\Api\\UserControllerTest::testStore\nPDOException: SQLSTATE[23000]: Integrity constraint violation: 19 NOT NULL constraint failed: status.user_id\n\nC:\\Users\\mats\\PhpstormProjects\\Radix\\framework\\src\\Database\\Connection.php:45\nC:\\Users\\mats\\PhpstormProjects\\Radix\\framework\\src\\Database\\ORM\\Model.php:596\nC:\\Users\\mats\\PhpstormProjects\\Radix\\framework\\src\\Database\\ORM\\Model.php:561\nC:\\Users\\mats\\PhpstormProjects\\Radix\\src\\Controllers\\Api\\UserController.php:79\nC:\\Users\\mats\\PhpstormProjects\\Radix\\tests\\Api\\UserControllerTest.php:263\n\nERRORS!\nTests: 2, Assertions: 7, Errors: 1.","coveredBy":["85f5c831ab47be5aff39e497f271c815"],"killedBy":["85f5c831ab47be5aff39e497f271c815"],"testsCompleted":2},{"id":"d8808fcdc5c07940c385f765e5c2034b","mutatorName":"ArrayItem","replacement":"'user_id' > $user->id,","description":"Replaces a key-value pair (`[$key => $value]`) array declaration with a value array declaration\n(`[$key > $value]`) where the key or the value are potentially impure (i.e. have a side-effect);\nFor example `[$this->foo() => $b->bar]`.","location":{"start":{"line":79,"column":13},"end":{"line":79,"column":36}},"status":"Killed","statusReason":"PHPUnit 11.5.44 by Sebastian Bergmann and contributors.\n\nRuntime:       PHP 8.3.3\nConfiguration: C:\\Users\\mats\\AppData\\Local\\Temp\\infection\\phpunitConfiguration.d8808fcdc5c07940c385f765e5c2034b.infection.xml\n\n.E\nNotice: fwrite(): Write of 199 bytes failed with errno=13 Permission denied in C:\\Users\\mats\\PhpstormProjects\\Radix\\vendor\\infection\\include-interceptor\\src\\IncludeInterceptor.php on line 359\n\n\nTime: 00:00.480, Memory: 14.00 MB\n\nThere was 1 error:\n\n1) Radix\\Tests\\Api\\UserControllerTest::testStore\nTypeError: Radix\\Database\\ORM\\Model::isFillable(): Argument #1 ($key) must be of type string, int given, called in C:\\Users\\mats\\PhpstormProjects\\Radix\\framework\\src\\Database\\ORM\\Model.php on line 408\n\nC:\\Users\\mats\\PhpstormProjects\\Radix\\framework\\src\\Database\\ORM\\Model.php:337\nC:\\Users\\mats\\PhpstormProjects\\Radix\\framework\\src\\Database\\ORM\\Model.php:408\nC:\\Users\\mats\\PhpstormProjects\\Radix\\src\\Controllers\\Api\\UserController.php:78\nC:\\Users\\mats\\PhpstormProjects\\Radix\\tests\\Api\\UserControllerTest.php:263\n\nERRORS!\nTests: 2, Assertions: 7, Errors: 1.","coveredBy":["85f5c831ab47be5aff39e497f271c815"],"killedBy":["85f5c831ab47be5aff39e497f271c815"],"testsCompleted":2},{"id":"366e6a0ffb57aa0226b8615b13fee3de","mutatorName":"MethodCallRemoval","replacement":"","description":"Removes the method call.","location":{"start":{"line":82,"column":9},"end":{"line":82,"column":25}},"status":"Survived","statusReason":"PHPUnit 11.5.44 by Sebastian Bergmann and contributors.\n\nRuntime:       PHP 8.3.3\nConfiguration: C:\\Users\\mats\\AppData\\Local\\Temp\\infection\\phpunitConfiguration.366e6a0ffb57aa0226b8615b13fee3de.infection.xml\n\n..........                                                        10 \/ 10 (100%)\nNotice: fwrite(): Write of 704 bytes failed with errno=13 Permission denied in C:\\Users\\mats\\PhpstormProjects\\Radix\\vendor\\infection\\include-interceptor\\src\\IncludeInterceptor.php on line 359\n\n\nTime: 00:01.394, Memory: 14.00 MB\n\nOK (10 tests, 42 assertions)","coveredBy":["85f5c831ab47be5aff39e497f271c815"],"killedBy":[],"testsCompleted":0},{"id":"c4ffbc82a9e40a7d76d9f859a3fc9ce4","mutatorName":"TrueValue","replacement":"return $this->json(['success' => false, 'data' => $user->toArray()], 201);","description":"Replaces a boolean literal (`true`) with its opposite value (`false`). ","location":{"start":{"line":85,"column":9},"end":{"line":85,"column":82}},"status":"Killed","statusReason":"PHPUnit 11.5.44 by Sebastian Bergmann and contributors.\n\nRuntime:       PHP 8.3.3\nConfiguration: C:\\Users\\mats\\AppData\\Local\\Temp\\infection\\phpunitConfiguration.c4ffbc82a9e40a7d76d9f859a3fc9ce4.infection.xml\n\n.F\nNotice: fwrite(): Write of 200 bytes failed with errno=13 Permission denied in C:\\Users\\mats\\PhpstormProjects\\Radix\\vendor\\infection\\include-interceptor\\src\\IncludeInterceptor.php on line 359\n\n\nTime: 00:00.503, Memory: 14.00 MB\n\nThere was 1 failure:\n\n1) Radix\\Tests\\Api\\UserControllerTest::testStore\nFailed asserting that false is true.\n\nC:\\Users\\mats\\PhpstormProjects\\Radix\\tests\\Api\\UserControllerTest.php:270\n\nFAILURES!\nTests: 2, Assertions: 9, Failures: 1.","coveredBy":["85f5c831ab47be5aff39e497f271c815"],"killedBy":["85f5c831ab47be5aff39e497f271c815"],"testsCompleted":2},{"id":"aa605182336290db9804f1c00e3689e5","mutatorName":"ArrayItem","replacement":"return $this->json(['success' => true, 'data' > $user->toArray()], 201);","description":"Replaces a key-value pair (`[$key => $value]`) array declaration with a value array declaration\n(`[$key > $value]`) where the key or the value are potentially impure (i.e. have a side-effect);\nFor example `[$this->foo() => $b->bar]`.","location":{"start":{"line":85,"column":9},"end":{"line":85,"column":82}},"status":"Killed","statusReason":"PHPUnit 11.5.44 by Sebastian Bergmann and contributors.\n\nRuntime:       PHP 8.3.3\nConfiguration: C:\\Users\\mats\\AppData\\Local\\Temp\\infection\\phpunitConfiguration.aa605182336290db9804f1c00e3689e5.infection.xml\n\n.F\nNotice: fwrite(): Write of 200 bytes failed with errno=13 Permission denied in C:\\Users\\mats\\PhpstormProjects\\Radix\\vendor\\infection\\include-interceptor\\src\\IncludeInterceptor.php on line 359\n\n\nTime: 00:00.392, Memory: 14.00 MB\n\nThere was 1 failure:\n\n1) Radix\\Tests\\Api\\UserControllerTest::testStore\nFailed asserting that null matches expected 'John'.\n\nC:\\Users\\mats\\PhpstormProjects\\Radix\\tests\\Api\\UserControllerTest.php:271\n\n--\n\n1 test triggered 2 PHP warnings:\n\n1) C:\\Users\\mats\\PhpstormProjects\\Radix\\tests\\Api\\UserControllerTest.php:271\nUndefined array key \"data\"\n\n2) C:\\Users\\mats\\PhpstormProjects\\Radix\\tests\\Api\\UserControllerTest.php:271\nTrying to access array offset on null\n\nFAILURES!\nTests: 2, Assertions: 10, Failures: 1, Warnings: 2.","coveredBy":["85f5c831ab47be5aff39e497f271c815"],"killedBy":["85f5c831ab47be5aff39e497f271c815"],"testsCompleted":2},{"id":"f1b504f60b589d1d6fecf47d9f538cf6","mutatorName":"ArrayItemRemoval","replacement":"return $this->json(['data' => $user->toArray()], 201);","description":"Removes an element of an array literal. For example:\n\n```php\n$x = [0, 1, 2];\n```\n\nWill be mutated to:\n\n```php\n$x = [1, 2];\n```\n\nAnd:\n\n```php\n$x = [0, 2];\n```\n\nAnd:\n\n```php\n$x = [0, 1];\n```\n\nWhich elements it removes or how many elements it will attempt to remove will depend on its\nconfiguration.\n","location":{"start":{"line":85,"column":9},"end":{"line":85,"column":82}},"status":"Killed","statusReason":"PHPUnit 11.5.44 by Sebastian Bergmann and contributors.\n\nRuntime:       PHP 8.3.3\nConfiguration: C:\\Users\\mats\\AppData\\Local\\Temp\\infection\\phpunitConfiguration.f1b504f60b589d1d6fecf47d9f538cf6.infection.xml\n\n.F\nNotice: fwrite(): Write of 200 bytes failed with errno=13 Permission denied in C:\\Users\\mats\\PhpstormProjects\\Radix\\vendor\\infection\\include-interceptor\\src\\IncludeInterceptor.php on line 359\n\n\nTime: 00:00.475, Memory: 14.00 MB\n\nThere was 1 failure:\n\n1) Radix\\Tests\\Api\\UserControllerTest::testStore\nFailed asserting that null is true.\n\nC:\\Users\\mats\\PhpstormProjects\\Radix\\tests\\Api\\UserControllerTest.php:270\n\n--\n\n1 test triggered 1 PHP warning:\n\n1) C:\\Users\\mats\\PhpstormProjects\\Radix\\tests\\Api\\UserControllerTest.php:270\nUndefined array key \"success\"\n\nFAILURES!\nTests: 2, Assertions: 9, Failures: 1, Warnings: 1.","coveredBy":["85f5c831ab47be5aff39e497f271c815"],"killedBy":["85f5c831ab47be5aff39e497f271c815"],"testsCompleted":2},{"id":"7ad00725fa329d0e5b35b3feecdde220","mutatorName":"DecrementInteger","replacement":"return $this->json(['success' => true, 'data' => $user->toArray()], 200);","description":"Decrements an integer value with 1.","location":{"start":{"line":85,"column":9},"end":{"line":85,"column":82}},"status":"Killed","statusReason":"PHPUnit 11.5.44 by Sebastian Bergmann and contributors.\n\nRuntime:       PHP 8.3.3\nConfiguration: C:\\Users\\mats\\AppData\\Local\\Temp\\infection\\phpunitConfiguration.7ad00725fa329d0e5b35b3feecdde220.infection.xml\n\n.F\nNotice: fwrite(): Write of 200 bytes failed with errno=13 Permission denied in C:\\Users\\mats\\PhpstormProjects\\Radix\\vendor\\infection\\include-interceptor\\src\\IncludeInterceptor.php on line 359\n\n\nTime: 00:00.470, Memory: 14.00 MB\n\nThere was 1 failure:\n\n1) Radix\\Tests\\Api\\UserControllerTest::testStore\nFailed asserting that 200 matches expected 201.\n\nC:\\Users\\mats\\PhpstormProjects\\Radix\\tests\\Api\\UserControllerTest.php:266\n\nFAILURES!\nTests: 2, Assertions: 8, Failures: 1.","coveredBy":["85f5c831ab47be5aff39e497f271c815"],"killedBy":["85f5c831ab47be5aff39e497f271c815"],"testsCompleted":2},{"id":"13a3bb11dd9a5037cc47facf1a20f225","mutatorName":"IncrementInteger","replacement":"return $this->json(['success' => true, 'data' => $user->toArray()], 202);","description":"Increments an integer value with 1.","location":{"start":{"line":85,"column":9},"end":{"line":85,"column":82}},"status":"Killed","statusReason":"PHPUnit 11.5.44 by Sebastian Bergmann and contributors.\n\nRuntime:       PHP 8.3.3\nConfiguration: C:\\Users\\mats\\AppData\\Local\\Temp\\infection\\phpunitConfiguration.13a3bb11dd9a5037cc47facf1a20f225.infection.xml\n\n.F\nNotice: fwrite(): Write of 200 bytes failed with errno=13 Permission denied in C:\\Users\\mats\\PhpstormProjects\\Radix\\vendor\\infection\\include-interceptor\\src\\IncludeInterceptor.php on line 359\n\n\nTime: 00:00.467, Memory: 14.00 MB\n\nThere was 1 failure:\n\n1) Radix\\Tests\\Api\\UserControllerTest::testStore\nFailed asserting that 202 matches expected 201.\n\nC:\\Users\\mats\\PhpstormProjects\\Radix\\tests\\Api\\UserControllerTest.php:266\n\nFAILURES!\nTests: 2, Assertions: 8, Failures: 1.","coveredBy":["85f5c831ab47be5aff39e497f271c815"],"killedBy":["85f5c831ab47be5aff39e497f271c815"],"testsCompleted":2},{"id":"a6bfb82f897d0a318cad26874b583f58","mutatorName":"PublicVisibility","replacement":"protected function update(string $id): JsonResponse","description":"Replaces the `public` method visibility keyword with `protected`.","location":{"start":{"line":88,"column":5},"end":{"line":88,"column":53}},"status":"Killed","statusReason":"PHPUnit 11.5.44 by Sebastian Bergmann and contributors.\n\nRuntime:       PHP 8.3.3\nConfiguration: C:\\Users\\mats\\AppData\\Local\\Temp\\infection\\phpunitConfiguration.a6bfb82f897d0a318cad26874b583f58.infection.xml\n\n...E\nNotice: fwrite(): Write of 328 bytes failed with errno=13 Permission denied in C:\\Users\\mats\\PhpstormProjects\\Radix\\vendor\\infection\\include-interceptor\\src\\IncludeInterceptor.php on line 359\n\n\nTime: 00:00.624, Memory: 14.00 MB\n\nThere was 1 error:\n\n1) Radix\\Tests\\Api\\UserControllerTest::testPutUpdate\nError: Call to protected method App\\Controllers\\Api\\UserController::update() from scope Radix\\Tests\\Api\\UserControllerTest\n\nC:\\Users\\mats\\PhpstormProjects\\Radix\\tests\\Api\\UserControllerTest.php:416\n\nERRORS!\nTests: 4, Assertions: 18, Errors: 1.","coveredBy":["1e6828354c5ae086be26c120df5fbb59","422334a1db7be54c0ab86fa1dbf6f59c","5908b99e0ad02d3eef5bd85d639755bc"],"killedBy":["422334a1db7be54c0ab86fa1dbf6f59c"],"testsCompleted":4},{"id":"577249377cfabd8db488b6ad1a9ff7d8","mutatorName":"MethodCallRemoval","replacement":"","description":"Removes the method call.","location":{"start":{"line":90,"column":9},"end":{"line":95,"column":12}},"status":"Killed","statusReason":"PHPUnit 11.5.44 by Sebastian Bergmann and contributors.\n\nRuntime:       PHP 8.3.3\nConfiguration: C:\\Users\\mats\\AppData\\Local\\Temp\\infection\\phpunitConfiguration.577249377cfabd8db488b6ad1a9ff7d8.infection.xml\n\n...F\nNotice: fwrite(): Write of 328 bytes failed with errno=13 Permission denied in C:\\Users\\mats\\PhpstormProjects\\Radix\\vendor\\infection\\include-interceptor\\src\\IncludeInterceptor.php on line 359\n\n\nTime: 00:00.636, Memory: 14.00 MB\n\nThere was 1 failure:\n\n1) Radix\\Tests\\Api\\UserControllerTest::testPutUpdate\nFelaktigt f\u00f6rnamn\nFailed asserting that two strings are equal.\n--- Expected\n+++ Actual\n@@ @@\n-'Putupdated'\n+'Put'\n\nC:\\Users\\mats\\PhpstormProjects\\Radix\\tests\\Api\\UserControllerTest.php:424\n\nFAILURES!\nTests: 4, Assertions: 21, Failures: 1.","coveredBy":["1e6828354c5ae086be26c120df5fbb59","422334a1db7be54c0ab86fa1dbf6f59c","5908b99e0ad02d3eef5bd85d639755bc"],"killedBy":["422334a1db7be54c0ab86fa1dbf6f59c"],"testsCompleted":4},{"id":"6698c2e4c10822806ca457fd1016d48f","mutatorName":"ArrayItemRemoval","replacement":"","description":"Removes an element of an array literal. For example:\n\n```php\n$x = [0, 1, 2];\n```\n\nWill be mutated to:\n\n```php\n$x = [1, 2];\n```\n\nAnd:\n\n```php\n$x = [0, 2];\n```\n\nAnd:\n\n```php\n$x = [0, 1];\n```\n\nWhich elements it removes or how many elements it will attempt to remove will depend on its\nconfiguration.\n","location":{"start":{"line":90,"column":9},"end":{"line":95,"column":33}},"status":"Survived","statusReason":"PHPUnit 11.5.44 by Sebastian Bergmann and contributors.\n\nRuntime:       PHP 8.3.3\nConfiguration: C:\\Users\\mats\\AppData\\Local\\Temp\\infection\\phpunitConfiguration.6698c2e4c10822806ca457fd1016d48f.infection.xml\n\n..........                                                        10 \/ 10 (100%)\nNotice: fwrite(): Write of 704 bytes failed with errno=13 Permission denied in C:\\Users\\mats\\PhpstormProjects\\Radix\\vendor\\infection\\include-interceptor\\src\\IncludeInterceptor.php on line 359\n\n\nTime: 00:01.435, Memory: 14.00 MB\n\nOK (10 tests, 42 assertions)","coveredBy":["1e6828354c5ae086be26c120df5fbb59","422334a1db7be54c0ab86fa1dbf6f59c","5908b99e0ad02d3eef5bd85d639755bc"],"killedBy":[],"testsCompleted":0},{"id":"58df4215c61729d492cb02f040b630d0","mutatorName":"LogicalNot","replacement":"if ($user) {","description":"Removes a negation operator (`!`), e.g. transforms `!$foo` with `$foo`.","location":{"start":{"line":99,"column":9},"end":{"line":99,"column":22}},"status":"Killed","statusReason":"PHPUnit 11.5.44 by Sebastian Bergmann and contributors.\n\nRuntime:       PHP 8.3.3\nConfiguration: C:\\Users\\mats\\AppData\\Local\\Temp\\infection\\phpunitConfiguration.58df4215c61729d492cb02f040b630d0.infection.xml\n\n...F\nNotice: fwrite(): Write of 328 bytes failed with errno=13 Permission denied in C:\\Users\\mats\\PhpstormProjects\\Radix\\vendor\\infection\\include-interceptor\\src\\IncludeInterceptor.php on line 359\n\n\nTime: 00:00.565, Memory: 14.00 MB\n\nThere was 1 failure:\n\n1) Radix\\Tests\\Api\\UserControllerTest::testPutUpdate\nStatuskoden ska vara 200.\nFailed asserting that 404 matches expected 200.\n\nC:\\Users\\mats\\PhpstormProjects\\Radix\\tests\\Api\\UserControllerTest.php:419\n\nFAILURES!\nTests: 4, Assertions: 19, Failures: 1.","coveredBy":["1e6828354c5ae086be26c120df5fbb59","422334a1db7be54c0ab86fa1dbf6f59c","5908b99e0ad02d3eef5bd85d639755bc"],"killedBy":["422334a1db7be54c0ab86fa1dbf6f59c"],"testsCompleted":4},{"id":"81a988ad32371cdecc356db7161d0b67","mutatorName":"ArrayItemRemoval","replacement":"$data = $this->request->filterFields($this->request->post, []);","description":"Removes an element of an array literal. For example:\n\n```php\n$x = [0, 1, 2];\n```\n\nWill be mutated to:\n\n```php\n$x = [1, 2];\n```\n\nAnd:\n\n```php\n$x = [0, 2];\n```\n\nAnd:\n\n```php\n$x = [0, 1];\n```\n\nWhich elements it removes or how many elements it will attempt to remove will depend on its\nconfiguration.\n","location":{"start":{"line":106,"column":9},"end":{"line":106,"column":82}},"status":"Survived","statusReason":"PHPUnit 11.5.44 by Sebastian Bergmann and contributors.\n\nRuntime:       PHP 8.3.3\nConfiguration: C:\\Users\\mats\\AppData\\Local\\Temp\\infection\\phpunitConfiguration.81a988ad32371cdecc356db7161d0b67.infection.xml\n\n..........                                                        10 \/ 10 (100%)\nNotice: fwrite(): Write of 702 bytes failed with errno=13 Permission denied in C:\\Users\\mats\\PhpstormProjects\\Radix\\vendor\\infection\\include-interceptor\\src\\IncludeInterceptor.php on line 359\n\n\nTime: 00:01.325, Memory: 12.00 MB\n\nOK (10 tests, 42 assertions)","coveredBy":["1e6828354c5ae086be26c120df5fbb59","422334a1db7be54c0ab86fa1dbf6f59c","5908b99e0ad02d3eef5bd85d639755bc"],"killedBy":[],"testsCompleted":0},{"id":"d423573d4202f9c56dd95bb0ee2eeff3","mutatorName":"LogicalAnd","replacement":"if ((array_key_exists('password', $this->request->post) || is_string($this->request->post['password']))","description":"Replaces an AND operator (`&&`) with an OR operator (`||`).","location":{"start":{"line":109,"column":9},"end":{"line":110,"column":63}},"status":"Killed","statusReason":"PHPUnit 11.5.44 by Sebastian Bergmann and contributors.\n\nRuntime:       PHP 8.3.3\nConfiguration: C:\\Users\\mats\\AppData\\Local\\Temp\\infection\\phpunitConfiguration.d423573d4202f9c56dd95bb0ee2eeff3.infection.xml\n\n....E\nNotice: fwrite(): Write of 421 bytes failed with errno=13 Permission denied in C:\\Users\\mats\\PhpstormProjects\\Radix\\vendor\\infection\\include-interceptor\\src\\IncludeInterceptor.php on line 359\n\n\nTime: 00:00.855, Memory: 14.00 MB\n\nThere was 1 error:\n\n1) Radix\\Tests\\Api\\UserControllerTest::testPutUpdateWithNullPassword\nTypeError: App\\Models\\User::setPasswordAttribute(): Argument #1 ($value) must be of type string, null given, called in C:\\Users\\mats\\PhpstormProjects\\Radix\\framework\\src\\Database\\ORM\\Model.php on line 500\n\nC:\\Users\\mats\\PhpstormProjects\\Radix\\src\\Models\\User.php:38\nC:\\Users\\mats\\PhpstormProjects\\Radix\\framework\\src\\Database\\ORM\\Model.php:500\nC:\\Users\\mats\\PhpstormProjects\\Radix\\src\\Controllers\\Api\\UserController.php:114\nC:\\Users\\mats\\PhpstormProjects\\Radix\\tests\\Api\\UserControllerTest.php:496\n\nERRORS!\nTests: 5, Assertions: 27, Errors: 1.","coveredBy":["1e6828354c5ae086be26c120df5fbb59","422334a1db7be54c0ab86fa1dbf6f59c","5908b99e0ad02d3eef5bd85d639755bc"],"killedBy":["5908b99e0ad02d3eef5bd85d639755bc"],"testsCompleted":5},{"id":"5daf4f9609c038817471b7d7be6ccc0c","mutatorName":"LogicalAnd","replacement":"&& is_string($this->request->post['password']) || $this->request->post['password'] !== ''","description":"Replaces an AND operator (`&&`) with an OR operator (`||`).","location":{"start":{"line":109,"column":9},"end":{"line":111,"column":63}},"status":"Killed","statusReason":"PHPUnit 11.5.44 by Sebastian Bergmann and contributors.\n\nRuntime:       PHP 8.3.3\nConfiguration: C:\\Users\\mats\\AppData\\Local\\Temp\\infection\\phpunitConfiguration.5daf4f9609c038817471b7d7be6ccc0c.infection.xml\n\n....E\nNotice: fwrite(): Write of 421 bytes failed with errno=13 Permission denied in C:\\Users\\mats\\PhpstormProjects\\Radix\\vendor\\infection\\include-interceptor\\src\\IncludeInterceptor.php on line 359\n\n\nTime: 00:00.847, Memory: 14.00 MB\n\nThere was 1 error:\n\n1) Radix\\Tests\\Api\\UserControllerTest::testPutUpdateWithNullPassword\nTypeError: App\\Models\\User::setPasswordAttribute(): Argument #1 ($value) must be of type string, null given, called in C:\\Users\\mats\\PhpstormProjects\\Radix\\framework\\src\\Database\\ORM\\Model.php on line 500\n\nC:\\Users\\mats\\PhpstormProjects\\Radix\\src\\Models\\User.php:38\nC:\\Users\\mats\\PhpstormProjects\\Radix\\framework\\src\\Database\\ORM\\Model.php:500\nC:\\Users\\mats\\PhpstormProjects\\Radix\\src\\Controllers\\Api\\UserController.php:114\nC:\\Users\\mats\\PhpstormProjects\\Radix\\tests\\Api\\UserControllerTest.php:496\n\nERRORS!\nTests: 5, Assertions: 27, Errors: 1.","coveredBy":["1e6828354c5ae086be26c120df5fbb59","422334a1db7be54c0ab86fa1dbf6f59c","5908b99e0ad02d3eef5bd85d639755bc"],"killedBy":["5908b99e0ad02d3eef5bd85d639755bc"],"testsCompleted":5},{"id":"47e63d3c36b5897c39de391034548685","mutatorName":"LogicalAndAllSubExprNegation","replacement":"if (!array_key_exists('password', $this->request->post) && !is_string($this->request->post['password']) && !($this->request->post['password'] !== '')","description":"Negates all sub-expressions of an AND expression (`&&`).","location":{"start":{"line":109,"column":9},"end":{"line":111,"column":63}},"status":"Killed","statusReason":"PHPUnit 11.5.44 by Sebastian Bergmann and contributors.\n\nRuntime:       PHP 8.3.3\nConfiguration: C:\\Users\\mats\\AppData\\Local\\Temp\\infection\\phpunitConfiguration.47e63d3c36b5897c39de391034548685.infection.xml\n\n...F\nNotice: fwrite(): Write of 328 bytes failed with errno=13 Permission denied in C:\\Users\\mats\\PhpstormProjects\\Radix\\vendor\\infection\\include-interceptor\\src\\IncludeInterceptor.php on line 359\n\n\nTime: 00:00.651, Memory: 14.00 MB\n\nThere was 1 failure:\n\n1) Radix\\Tests\\Api\\UserControllerTest::testPutUpdate\nL\u00f6senordet matchar inte i databasen.\nFailed asserting that false is true.\n\nC:\\Users\\mats\\PhpstormProjects\\Radix\\tests\\Api\\UserControllerTest.php:440\n\nFAILURES!\nTests: 4, Assertions: 27, Failures: 1.","coveredBy":["1e6828354c5ae086be26c120df5fbb59","422334a1db7be54c0ab86fa1dbf6f59c","5908b99e0ad02d3eef5bd85d639755bc"],"killedBy":["422334a1db7be54c0ab86fa1dbf6f59c"],"testsCompleted":4},{"id":"603d878d97cb5a03e88f52c002f3aea2","mutatorName":"LogicalAndNegation","replacement":"if (!(array_key_exists('password', $this->request->post)\n            && is_string($this->request->post['password']) && $this->request->post['password'] !== '')","description":"Negates a whole AND expression (`&&`).","location":{"start":{"line":109,"column":9},"end":{"line":111,"column":63}},"status":"Killed","statusReason":"PHPUnit 11.5.44 by Sebastian Bergmann and contributors.\n\nRuntime:       PHP 8.3.3\nConfiguration: C:\\Users\\mats\\AppData\\Local\\Temp\\infection\\phpunitConfiguration.603d878d97cb5a03e88f52c002f3aea2.infection.xml\n\n...F\nNotice: fwrite(): Write of 328 bytes failed with errno=13 Permission denied in C:\\Users\\mats\\PhpstormProjects\\Radix\\vendor\\infection\\include-interceptor\\src\\IncludeInterceptor.php on line 359\n\n\nTime: 00:00.648, Memory: 14.00 MB\n\nThere was 1 failure:\n\n1) Radix\\Tests\\Api\\UserControllerTest::testPutUpdate\nL\u00f6senordet matchar inte i databasen.\nFailed asserting that false is true.\n\nC:\\Users\\mats\\PhpstormProjects\\Radix\\tests\\Api\\UserControllerTest.php:440\n\nFAILURES!\nTests: 4, Assertions: 27, Failures: 1.","coveredBy":["1e6828354c5ae086be26c120df5fbb59","422334a1db7be54c0ab86fa1dbf6f59c","5908b99e0ad02d3eef5bd85d639755bc"],"killedBy":["422334a1db7be54c0ab86fa1dbf6f59c"],"testsCompleted":4},{"id":"8bab06d798a30a542735c7b26862ebd2","mutatorName":"LogicalAndSingleSubExprNegation","replacement":"if (!array_key_exists('password', $this->request->post)","description":"Negates all sub-expressions separately in AND (`&&`).","location":{"start":{"line":109,"column":9},"end":{"line":111,"column":63}},"status":"Killed","statusReason":"PHPUnit 11.5.44 by Sebastian Bergmann and contributors.\n\nRuntime:       PHP 8.3.3\nConfiguration: C:\\Users\\mats\\AppData\\Local\\Temp\\infection\\phpunitConfiguration.8bab06d798a30a542735c7b26862ebd2.infection.xml\n\n...F\nNotice: fwrite(): Write of 328 bytes failed with errno=13 Permission denied in C:\\Users\\mats\\PhpstormProjects\\Radix\\vendor\\infection\\include-interceptor\\src\\IncludeInterceptor.php on line 359\n\n\nTime: 00:00.629, Memory: 14.00 MB\n\nThere was 1 failure:\n\n1) Radix\\Tests\\Api\\UserControllerTest::testPutUpdate\nL\u00f6senordet matchar inte i databasen.\nFailed asserting that false is true.\n\nC:\\Users\\mats\\PhpstormProjects\\Radix\\tests\\Api\\UserControllerTest.php:440\n\nFAILURES!\nTests: 4, Assertions: 27, Failures: 1.","coveredBy":["1e6828354c5ae086be26c120df5fbb59","422334a1db7be54c0ab86fa1dbf6f59c","5908b99e0ad02d3eef5bd85d639755bc"],"killedBy":["422334a1db7be54c0ab86fa1dbf6f59c"],"testsCompleted":4},{"id":"5e1dd8ccbab48a668690381fdb78c8d0","mutatorName":"LogicalAndSingleSubExprNegation","replacement":"&& !is_string($this->request->post['password'])","description":"Negates all sub-expressions separately in AND (`&&`).","location":{"start":{"line":109,"column":9},"end":{"line":111,"column":63}},"status":"Killed","statusReason":"PHPUnit 11.5.44 by Sebastian Bergmann and contributors.\n\nRuntime:       PHP 8.3.3\nConfiguration: C:\\Users\\mats\\AppData\\Local\\Temp\\infection\\phpunitConfiguration.5e1dd8ccbab48a668690381fdb78c8d0.infection.xml\n\n...F\nNotice: fwrite(): Write of 328 bytes failed with errno=13 Permission denied in C:\\Users\\mats\\PhpstormProjects\\Radix\\vendor\\infection\\include-interceptor\\src\\IncludeInterceptor.php on line 359\n\n\nTime: 00:00.640, Memory: 14.00 MB\n\nThere was 1 failure:\n\n1) Radix\\Tests\\Api\\UserControllerTest::testPutUpdate\nL\u00f6senordet matchar inte i databasen.\nFailed asserting that false is true.\n\nC:\\Users\\mats\\PhpstormProjects\\Radix\\tests\\Api\\UserControllerTest.php:440\n\nFAILURES!\nTests: 4, Assertions: 27, Failures: 1.","coveredBy":["1e6828354c5ae086be26c120df5fbb59","422334a1db7be54c0ab86fa1dbf6f59c","5908b99e0ad02d3eef5bd85d639755bc"],"killedBy":["422334a1db7be54c0ab86fa1dbf6f59c"],"testsCompleted":4},{"id":"be906de3451de480e71e9738ae2dc00a","mutatorName":"NotIdentical","replacement":"&& $this->request->post['password'] === ''","description":"Replaces a not identical operator (`!==`) with its counterpart the not identical operator (`===`).","location":{"start":{"line":111,"column":13},"end":{"line":111,"column":55}},"status":"Killed","statusReason":"PHPUnit 11.5.44 by Sebastian Bergmann and contributors.\n\nRuntime:       PHP 8.3.3\nConfiguration: C:\\Users\\mats\\AppData\\Local\\Temp\\infection\\phpunitConfiguration.be906de3451de480e71e9738ae2dc00a.infection.xml\n\n...F\nNotice: fwrite(): Write of 327 bytes failed with errno=13 Permission denied in C:\\Users\\mats\\PhpstormProjects\\Radix\\vendor\\infection\\include-interceptor\\src\\IncludeInterceptor.php on line 359\n\n\nTime: 00:00.683, Memory: 14.00 MB\n\nThere was 1 failure:\n\n1) Radix\\Tests\\Api\\UserControllerTest::testPutUpdate\nL\u00f6senordet matchar inte i databasen.\nFailed asserting that false is true.\n\nC:\\Users\\mats\\PhpstormProjects\\Radix\\tests\\Api\\UserControllerTest.php:440\n\nFAILURES!\nTests: 4, Assertions: 27, Failures: 1.","coveredBy":["1e6828354c5ae086be26c120df5fbb59","422334a1db7be54c0ab86fa1dbf6f59c","5908b99e0ad02d3eef5bd85d639755bc"],"killedBy":["422334a1db7be54c0ab86fa1dbf6f59c"],"testsCompleted":4},{"id":"fe1b819b050284473fe9c956a47974a5","mutatorName":"MethodCallRemoval","replacement":"","description":"Removes the method call.","location":{"start":{"line":118,"column":9},"end":{"line":118,"column":28}},"status":"Killed","statusReason":"PHPUnit 11.5.44 by Sebastian Bergmann and contributors.\n\nRuntime:       PHP 8.3.3\nConfiguration: C:\\Users\\mats\\AppData\\Local\\Temp\\infection\\phpunitConfiguration.fe1b819b050284473fe9c956a47974a5.infection.xml\n\n...F\nNotice: fwrite(): Write of 328 bytes failed with errno=13 Permission denied in C:\\Users\\mats\\PhpstormProjects\\Radix\\vendor\\infection\\include-interceptor\\src\\IncludeInterceptor.php on line 359\n\n\nTime: 00:00.654, Memory: 14.00 MB\n\nThere was 1 failure:\n\n1) Radix\\Tests\\Api\\UserControllerTest::testPutUpdate\nFelaktigt f\u00f6rnamn\nFailed asserting that two strings are equal.\n--- Expected\n+++ Actual\n@@ @@\n-'Putupdated'\n+'Put'\n\nC:\\Users\\mats\\PhpstormProjects\\Radix\\tests\\Api\\UserControllerTest.php:424\n\nFAILURES!\nTests: 4, Assertions: 21, Failures: 1.","coveredBy":["1e6828354c5ae086be26c120df5fbb59","422334a1db7be54c0ab86fa1dbf6f59c","5908b99e0ad02d3eef5bd85d639755bc"],"killedBy":["422334a1db7be54c0ab86fa1dbf6f59c"],"testsCompleted":4},{"id":"298bd0bb8fc47bc7b0a0cbc2a07e8fdf","mutatorName":"MethodCallRemoval","replacement":"","description":"Removes the method call.","location":{"start":{"line":119,"column":9},"end":{"line":119,"column":23}},"status":"Killed","statusReason":"PHPUnit 11.5.44 by Sebastian Bergmann and contributors.\n\nRuntime:       PHP 8.3.3\nConfiguration: C:\\Users\\mats\\AppData\\Local\\Temp\\infection\\phpunitConfiguration.298bd0bb8fc47bc7b0a0cbc2a07e8fdf.infection.xml\n\n...F\nNotice: fwrite(): Write of 328 bytes failed with errno=13 Permission denied in C:\\Users\\mats\\PhpstormProjects\\Radix\\vendor\\infection\\include-interceptor\\src\\IncludeInterceptor.php on line 359\n\n\nTime: 00:00.683, Memory: 14.00 MB\n\nThere was 1 failure:\n\n1) Radix\\Tests\\Api\\UserControllerTest::testPutUpdate\nDatabasens f\u00f6rnamn matchar inte.\nFailed asserting that two strings are equal.\n--- Expected\n+++ Actual\n@@ @@\n-'Putupdated'\n+'Put'\n\nC:\\Users\\mats\\PhpstormProjects\\Radix\\tests\\Api\\UserControllerTest.php:435\n\nFAILURES!\nTests: 4, Assertions: 24, Failures: 1.","coveredBy":["1e6828354c5ae086be26c120df5fbb59","422334a1db7be54c0ab86fa1dbf6f59c","5908b99e0ad02d3eef5bd85d639755bc"],"killedBy":["422334a1db7be54c0ab86fa1dbf6f59c"],"testsCompleted":4},{"id":"7369cb0cf9bbdef87b5f5a5a37858596","mutatorName":"ArrayItemRemoval","replacement":"","description":"Removes an element of an array literal. For example:\n\n```php\n$x = [0, 1, 2];\n```\n\nWill be mutated to:\n\n```php\n$x = [1, 2];\n```\n\nAnd:\n\n```php\n$x = [0, 2];\n```\n\nAnd:\n\n```php\n$x = [0, 1];\n```\n\nWhich elements it removes or how many elements it will attempt to remove will depend on its\nconfiguration.\n","location":{"start":{"line":121,"column":9},"end":{"line":124,"column":29}},"status":"Killed","statusReason":"PHPUnit 11.5.44 by Sebastian Bergmann and contributors.\n\nRuntime:       PHP 8.3.3\nConfiguration: C:\\Users\\mats\\AppData\\Local\\Temp\\infection\\phpunitConfiguration.7369cb0cf9bbdef87b5f5a5a37858596.infection.xml\n\n...F\nNotice: fwrite(): Write of 328 bytes failed with errno=13 Permission denied in C:\\Users\\mats\\PhpstormProjects\\Radix\\vendor\\infection\\include-interceptor\\src\\IncludeInterceptor.php on line 359\n\n\nTime: 00:00.630, Memory: 14.00 MB\n\nThere was 1 failure:\n\n1) Radix\\Tests\\Api\\UserControllerTest::testPutUpdate\nAPI-svaret ska ha success: true.\nFailed asserting that null is true.\n\nC:\\Users\\mats\\PhpstormProjects\\Radix\\tests\\Api\\UserControllerTest.php:423\n\n--\n\n1 test triggered 1 PHP warning:\n\n1) C:\\Users\\mats\\PhpstormProjects\\Radix\\tests\\Api\\UserControllerTest.php:423\nUndefined array key \"success\"\n\nFAILURES!\nTests: 4, Assertions: 20, Failures: 1, Warnings: 1.","coveredBy":["1e6828354c5ae086be26c120df5fbb59","422334a1db7be54c0ab86fa1dbf6f59c","5908b99e0ad02d3eef5bd85d639755bc"],"killedBy":["422334a1db7be54c0ab86fa1dbf6f59c"],"testsCompleted":4},{"id":"ab67ad0496b54193e9c9e57f8648dd49","mutatorName":"TrueValue","replacement":"'success' => false,","description":"Replaces a boolean literal (`true`) with its opposite value (`false`). ","location":{"start":{"line":122,"column":13},"end":{"line":122,"column":31}},"status":"Killed","statusReason":"PHPUnit 11.5.44 by Sebastian Bergmann and contributors.\n\nRuntime:       PHP 8.3.3\nConfiguration: C:\\Users\\mats\\AppData\\Local\\Temp\\infection\\phpunitConfiguration.ab67ad0496b54193e9c9e57f8648dd49.infection.xml\n\n...F\nNotice: fwrite(): Write of 328 bytes failed with errno=13 Permission denied in C:\\Users\\mats\\PhpstormProjects\\Radix\\vendor\\infection\\include-interceptor\\src\\IncludeInterceptor.php on line 359\n\n\nTime: 00:00.673, Memory: 14.00 MB\n\nThere was 1 failure:\n\n1) Radix\\Tests\\Api\\UserControllerTest::testPutUpdate\nAPI-svaret ska ha success: true.\nFailed asserting that false is true.\n\nC:\\Users\\mats\\PhpstormProjects\\Radix\\tests\\Api\\UserControllerTest.php:423\n\nFAILURES!\nTests: 4, Assertions: 20, Failures: 1.","coveredBy":["1e6828354c5ae086be26c120df5fbb59","422334a1db7be54c0ab86fa1dbf6f59c","5908b99e0ad02d3eef5bd85d639755bc"],"killedBy":["422334a1db7be54c0ab86fa1dbf6f59c"],"testsCompleted":4},{"id":"3379887095c4979bd36cec082ae642b0","mutatorName":"ArrayItem","replacement":"'data' > $user->toArray(),","description":"Replaces a key-value pair (`[$key => $value]`) array declaration with a value array declaration\n(`[$key > $value]`) where the key or the value are potentially impure (i.e. have a side-effect);\nFor example `[$this->foo() => $b->bar]`.","location":{"start":{"line":123,"column":13},"end":{"line":123,"column":40}},"status":"Killed","statusReason":"PHPUnit 11.5.44 by Sebastian Bergmann and contributors.\n\nRuntime:       PHP 8.3.3\nConfiguration: C:\\Users\\mats\\AppData\\Local\\Temp\\infection\\phpunitConfiguration.3379887095c4979bd36cec082ae642b0.infection.xml\n\n...F\nNotice: fwrite(): Write of 328 bytes failed with errno=13 Permission denied in C:\\Users\\mats\\PhpstormProjects\\Radix\\vendor\\infection\\include-interceptor\\src\\IncludeInterceptor.php on line 359\n\n\nTime: 00:00.671, Memory: 14.00 MB\n\nThere was 1 failure:\n\n1) Radix\\Tests\\Api\\UserControllerTest::testPutUpdate\nFelaktigt f\u00f6rnamn\nFailed asserting that null matches expected 'Putupdated'.\n\nC:\\Users\\mats\\PhpstormProjects\\Radix\\tests\\Api\\UserControllerTest.php:424\n\n--\n\n1 test triggered 2 PHP warnings:\n\n1) C:\\Users\\mats\\PhpstormProjects\\Radix\\tests\\Api\\UserControllerTest.php:424\nUndefined array key \"data\"\n\n2) C:\\Users\\mats\\PhpstormProjects\\Radix\\tests\\Api\\UserControllerTest.php:424\nTrying to access array offset on null\n\nFAILURES!\nTests: 4, Assertions: 21, Failures: 1, Warnings: 2.","coveredBy":["1e6828354c5ae086be26c120df5fbb59","422334a1db7be54c0ab86fa1dbf6f59c","5908b99e0ad02d3eef5bd85d639755bc"],"killedBy":["422334a1db7be54c0ab86fa1dbf6f59c"],"testsCompleted":4},{"id":"12c592a110384c1d4146db64c3924874","mutatorName":"PublicVisibility","replacement":"protected function partialUpdate(string $id): JsonResponse","description":"Replaces the `public` method visibility keyword with `protected`.","location":{"start":{"line":127,"column":5},"end":{"line":127,"column":60}},"status":"Killed","statusReason":"PHPUnit 11.5.44 by Sebastian Bergmann and contributors.\n\nRuntime:       PHP 8.3.3\nConfiguration: C:\\Users\\mats\\AppData\\Local\\Temp\\infection\\phpunitConfiguration.12c592a110384c1d4146db64c3924874.infection.xml\n\n..E\nNotice: fwrite(): Write of 269 bytes failed with errno=13 Permission denied in C:\\Users\\mats\\PhpstormProjects\\Radix\\vendor\\infection\\include-interceptor\\src\\IncludeInterceptor.php on line 359\n\n\nTime: 00:00.437, Memory: 14.00 MB\n\nThere was 1 error:\n\n1) Radix\\Tests\\Api\\UserControllerTest::testPatchUpdate\nError: Call to protected method App\\Controllers\\Api\\UserController::partialUpdate() from scope Radix\\Tests\\Api\\UserControllerTest\n\nC:\\Users\\mats\\PhpstormProjects\\Radix\\tests\\Api\\UserControllerTest.php:336\n\nERRORS!\nTests: 3, Assertions: 12, Errors: 1.","coveredBy":["33f9da208a6c1f54bc7a499e004e5cee","ba925404eba2212ee384b50a4ca94ecb"],"killedBy":["33f9da208a6c1f54bc7a499e004e5cee"],"testsCompleted":3},{"id":"5d89a36a79066a6713963c0a66871e52","mutatorName":"ArrayItemRemoval","replacement":"","description":"Removes an element of an array literal. For example:\n\n```php\n$x = [0, 1, 2];\n```\n\nWill be mutated to:\n\n```php\n$x = [1, 2];\n```\n\nAnd:\n\n```php\n$x = [0, 2];\n```\n\nAnd:\n\n```php\n$x = [0, 1];\n```\n\nWhich elements it removes or how many elements it will attempt to remove will depend on its\nconfiguration.\n","location":{"start":{"line":129,"column":9},"end":{"line":132,"column":19}},"status":"Killed","statusReason":"PHPUnit 11.5.44 by Sebastian Bergmann and contributors.\n\nRuntime:       PHP 8.3.3\nConfiguration: C:\\Users\\mats\\AppData\\Local\\Temp\\infection\\phpunitConfiguration.5d89a36a79066a6713963c0a66871e52.infection.xml\n\n......F\nNotice: fwrite(): Write of 569 bytes failed with errno=13 Permission denied in C:\\Users\\mats\\PhpstormProjects\\Radix\\vendor\\infection\\include-interceptor\\src\\IncludeInterceptor.php on line 359\n\n\nTime: 00:01.136, Memory: 14.00 MB\n\nThere was 1 failure:\n\n1) Radix\\Tests\\Api\\UserControllerTest::testPatchUpdateValidation\nExpectation failed for method name is \"respondWithErrors\" when invoked 1 time.\nMethod was expected to be called 1 time, actually called 0 times.\n\nFAILURES!\nTests: 7, Assertions: 30, Failures: 1.","coveredBy":["33f9da208a6c1f54bc7a499e004e5cee","ba925404eba2212ee384b50a4ca94ecb"],"killedBy":["ba925404eba2212ee384b50a4ca94ecb"],"testsCompleted":7},{"id":"5137db84669811b5c22ec1ee76c30fd8","mutatorName":"MethodCallRemoval","replacement":"","description":"Removes the method call.","location":{"start":{"line":139,"column":9},"end":{"line":139,"column":40}},"status":"Killed","statusReason":"PHPUnit 11.5.44 by Sebastian Bergmann and contributors.\n\nRuntime:       PHP 8.3.3\nConfiguration: C:\\Users\\mats\\AppData\\Local\\Temp\\infection\\phpunitConfiguration.5137db84669811b5c22ec1ee76c30fd8.infection.xml\n\n..F\nNotice: fwrite(): Write of 269 bytes failed with errno=13 Permission denied in C:\\Users\\mats\\PhpstormProjects\\Radix\\vendor\\infection\\include-interceptor\\src\\IncludeInterceptor.php on line 359\n\n\nTime: 00:00.500, Memory: 14.00 MB\n\nThere was 1 failure:\n\n1) Radix\\Tests\\Api\\UserControllerTest::testPatchUpdate\nFailed asserting that two strings are equal.\n--- Expected\n+++ Actual\n@@ @@\n-'Updatedname'\n+'Patch'\n\nC:\\Users\\mats\\PhpstormProjects\\Radix\\tests\\Api\\UserControllerTest.php:344\n\nFAILURES!\nTests: 3, Assertions: 15, Failures: 1.","coveredBy":["33f9da208a6c1f54bc7a499e004e5cee","ba925404eba2212ee384b50a4ca94ecb"],"killedBy":["33f9da208a6c1f54bc7a499e004e5cee"],"testsCompleted":3},{"id":"98bb1ccec828ff18418cea1f4b159ead","mutatorName":"LogicalNot","replacement":"if ($user) {","description":"Removes a negation operator (`!`), e.g. transforms `!$foo` with `$foo`.","location":{"start":{"line":143,"column":9},"end":{"line":143,"column":22}},"status":"Killed","statusReason":"PHPUnit 11.5.44 by Sebastian Bergmann and contributors.\n\nRuntime:       PHP 8.3.3\nConfiguration: C:\\Users\\mats\\AppData\\Local\\Temp\\infection\\phpunitConfiguration.98bb1ccec828ff18418cea1f4b159ead.infection.xml\n\n..F\nNotice: fwrite(): Write of 267 bytes failed with errno=13 Permission denied in C:\\Users\\mats\\PhpstormProjects\\Radix\\vendor\\infection\\include-interceptor\\src\\IncludeInterceptor.php on line 359\n\n\nTime: 00:00.480, Memory: 14.00 MB\n\nThere was 1 failure:\n\n1) Radix\\Tests\\Api\\UserControllerTest::testPatchUpdate\nFailed asserting that 404 matches expected 200.\n\nC:\\Users\\mats\\PhpstormProjects\\Radix\\tests\\Api\\UserControllerTest.php:339\n\nFAILURES!\nTests: 3, Assertions: 13, Failures: 1.","coveredBy":["33f9da208a6c1f54bc7a499e004e5cee"],"killedBy":["33f9da208a6c1f54bc7a499e004e5cee"],"testsCompleted":3},{"id":"4726ab3f7f0da6b4fc4858697a1e21d6","mutatorName":"MethodCallRemoval","replacement":"","description":"Removes the method call.","location":{"start":{"line":154,"column":9},"end":{"line":154,"column":28}},"status":"Killed","statusReason":"PHPUnit 11.5.44 by Sebastian Bergmann and contributors.\n\nRuntime:       PHP 8.3.3\nConfiguration: C:\\Users\\mats\\AppData\\Local\\Temp\\infection\\phpunitConfiguration.4726ab3f7f0da6b4fc4858697a1e21d6.infection.xml\n\n..F\nNotice: fwrite(): Write of 268 bytes failed with errno=13 Permission denied in C:\\Users\\mats\\PhpstormProjects\\Radix\\vendor\\infection\\include-interceptor\\src\\IncludeInterceptor.php on line 359\n\n\nTime: 00:00.598, Memory: 14.00 MB\n\nThere was 1 failure:\n\n1) Radix\\Tests\\Api\\UserControllerTest::testPatchUpdate\nFailed asserting that two strings are equal.\n--- Expected\n+++ Actual\n@@ @@\n-'Updatedname'\n+'Patch'\n\nC:\\Users\\mats\\PhpstormProjects\\Radix\\tests\\Api\\UserControllerTest.php:344\n\nFAILURES!\nTests: 3, Assertions: 15, Failures: 1.","coveredBy":["33f9da208a6c1f54bc7a499e004e5cee"],"killedBy":["33f9da208a6c1f54bc7a499e004e5cee"],"testsCompleted":3},{"id":"ce380b03491cd69d3c4b6df3a457f634","mutatorName":"MethodCallRemoval","replacement":"","description":"Removes the method call.","location":{"start":{"line":155,"column":9},"end":{"line":155,"column":23}},"status":"Killed","statusReason":"PHPUnit 11.5.44 by Sebastian Bergmann and contributors.\n\nRuntime:       PHP 8.3.3\nConfiguration: C:\\Users\\mats\\AppData\\Local\\Temp\\infection\\phpunitConfiguration.ce380b03491cd69d3c4b6df3a457f634.infection.xml\n\n..F\nNotice: fwrite(): Write of 266 bytes failed with errno=13 Permission denied in C:\\Users\\mats\\PhpstormProjects\\Radix\\vendor\\infection\\include-interceptor\\src\\IncludeInterceptor.php on line 359\n\n\nTime: 00:00.492, Memory: 14.00 MB\n\nThere was 1 failure:\n\n1) Radix\\Tests\\Api\\UserControllerTest::testPatchUpdate\nFailed asserting that two strings are equal.\n--- Expected\n+++ Actual\n@@ @@\n-'Updatedname'\n+'Patch'\n\nC:\\Users\\mats\\PhpstormProjects\\Radix\\tests\\Api\\UserControllerTest.php:353\n\nFAILURES!\nTests: 3, Assertions: 17, Failures: 1.","coveredBy":["33f9da208a6c1f54bc7a499e004e5cee"],"killedBy":["33f9da208a6c1f54bc7a499e004e5cee"],"testsCompleted":3},{"id":"3aeaee29d02850fb45fb47ff63ff1677","mutatorName":"ArrayItemRemoval","replacement":"","description":"Removes an element of an array literal. For example:\n\n```php\n$x = [0, 1, 2];\n```\n\nWill be mutated to:\n\n```php\n$x = [1, 2];\n```\n\nAnd:\n\n```php\n$x = [0, 2];\n```\n\nAnd:\n\n```php\n$x = [0, 1];\n```\n\nWhich elements it removes or how many elements it will attempt to remove will depend on its\nconfiguration.\n","location":{"start":{"line":157,"column":9},"end":{"line":160,"column":29}},"status":"Killed","statusReason":"PHPUnit 11.5.44 by Sebastian Bergmann and contributors.\n\nRuntime:       PHP 8.3.3\nConfiguration: C:\\Users\\mats\\AppData\\Local\\Temp\\infection\\phpunitConfiguration.3aeaee29d02850fb45fb47ff63ff1677.infection.xml\n\n..F\nNotice: fwrite(): Write of 269 bytes failed with errno=13 Permission denied in C:\\Users\\mats\\PhpstormProjects\\Radix\\vendor\\infection\\include-interceptor\\src\\IncludeInterceptor.php on line 359\n\n\nTime: 00:00.430, Memory: 14.00 MB\n\nThere was 1 failure:\n\n1) Radix\\Tests\\Api\\UserControllerTest::testPatchUpdate\nFailed asserting that null is true.\n\nC:\\Users\\mats\\PhpstormProjects\\Radix\\tests\\Api\\UserControllerTest.php:343\n\n--\n\n1 test triggered 1 PHP warning:\n\n1) C:\\Users\\mats\\PhpstormProjects\\Radix\\tests\\Api\\UserControllerTest.php:343\nUndefined array key \"success\"\n\nFAILURES!\nTests: 3, Assertions: 14, Failures: 1, Warnings: 1.","coveredBy":["33f9da208a6c1f54bc7a499e004e5cee"],"killedBy":["33f9da208a6c1f54bc7a499e004e5cee"],"testsCompleted":3},{"id":"babb1c23b99164c4dc552a7c02e98ed2","mutatorName":"TrueValue","replacement":"'success' => false,","description":"Replaces a boolean literal (`true`) with its opposite value (`false`). ","location":{"start":{"line":158,"column":13},"end":{"line":158,"column":31}},"status":"Killed","statusReason":"PHPUnit 11.5.44 by Sebastian Bergmann and contributors.\n\nRuntime:       PHP 8.3.3\nConfiguration: C:\\Users\\mats\\AppData\\Local\\Temp\\infection\\phpunitConfiguration.babb1c23b99164c4dc552a7c02e98ed2.infection.xml\n\n..F\nNotice: fwrite(): Write of 269 bytes failed with errno=13 Permission denied in C:\\Users\\mats\\PhpstormProjects\\Radix\\vendor\\infection\\include-interceptor\\src\\IncludeInterceptor.php on line 359\n\n\nTime: 00:00.430, Memory: 14.00 MB\n\nThere was 1 failure:\n\n1) Radix\\Tests\\Api\\UserControllerTest::testPatchUpdate\nFailed asserting that false is true.\n\nC:\\Users\\mats\\PhpstormProjects\\Radix\\tests\\Api\\UserControllerTest.php:343\n\nFAILURES!\nTests: 3, Assertions: 14, Failures: 1.","coveredBy":["33f9da208a6c1f54bc7a499e004e5cee"],"killedBy":["33f9da208a6c1f54bc7a499e004e5cee"],"testsCompleted":3},{"id":"fbdce1618ee16d36a62c67527dfb8d35","mutatorName":"ArrayItem","replacement":"'data' > $user->toArray(),","description":"Replaces a key-value pair (`[$key => $value]`) array declaration with a value array declaration\n(`[$key > $value]`) where the key or the value are potentially impure (i.e. have a side-effect);\nFor example `[$this->foo() => $b->bar]`.","location":{"start":{"line":159,"column":13},"end":{"line":159,"column":40}},"status":"Killed","statusReason":"PHPUnit 11.5.44 by Sebastian Bergmann and contributors.\n\nRuntime:       PHP 8.3.3\nConfiguration: C:\\Users\\mats\\AppData\\Local\\Temp\\infection\\phpunitConfiguration.fbdce1618ee16d36a62c67527dfb8d35.infection.xml\n\n..F\nNotice: fwrite(): Write of 269 bytes failed with errno=13 Permission denied in C:\\Users\\mats\\PhpstormProjects\\Radix\\vendor\\infection\\include-interceptor\\src\\IncludeInterceptor.php on line 359\n\n\nTime: 00:00.493, Memory: 14.00 MB\n\nThere was 1 failure:\n\n1) Radix\\Tests\\Api\\UserControllerTest::testPatchUpdate\nFailed asserting that null matches expected 'Updatedname'.\n\nC:\\Users\\mats\\PhpstormProjects\\Radix\\tests\\Api\\UserControllerTest.php:344\n\n--\n\n1 test triggered 2 PHP warnings:\n\n1) C:\\Users\\mats\\PhpstormProjects\\Radix\\tests\\Api\\UserControllerTest.php:344\nUndefined array key \"data\"\n\n2) C:\\Users\\mats\\PhpstormProjects\\Radix\\tests\\Api\\UserControllerTest.php:344\nTrying to access array offset on null\n\nFAILURES!\nTests: 3, Assertions: 15, Failures: 1, Warnings: 2.","coveredBy":["33f9da208a6c1f54bc7a499e004e5cee"],"killedBy":["33f9da208a6c1f54bc7a499e004e5cee"],"testsCompleted":3},{"id":"c84279498a84979b9c8f7000a42946a2","mutatorName":"PublicVisibility","replacement":"protected function delete(string $id): JsonResponse","description":"Replaces the `public` method visibility keyword with `protected`.","location":{"start":{"line":163,"column":5},"end":{"line":163,"column":53}},"status":"Killed","statusReason":"PHPUnit 11.5.44 by Sebastian Bergmann and contributors.\n\nRuntime:       PHP 8.3.3\nConfiguration: C:\\Users\\mats\\AppData\\Local\\Temp\\infection\\phpunitConfiguration.c84279498a84979b9c8f7000a42946a2.infection.xml\n\n.......E\nNotice: fwrite(): Write of 612 bytes failed with errno=13 Permission denied in C:\\Users\\mats\\PhpstormProjects\\Radix\\vendor\\infection\\include-interceptor\\src\\IncludeInterceptor.php on line 359\n\n\nTime: 00:01.097, Memory: 14.00 MB\n\nThere was 1 error:\n\n1) Radix\\Tests\\Api\\UserControllerTest::testDelete\nError: Call to protected method App\\Controllers\\Api\\UserController::delete() from scope Radix\\Tests\\Api\\UserControllerTest\n\nC:\\Users\\mats\\PhpstormProjects\\Radix\\tests\\Api\\UserControllerTest.php:678\n\nERRORS!\nTests: 8, Assertions: 32, Errors: 1.","coveredBy":["b09495fc717fc0ea74902bb6e6a2c6ea","bc14e4ad53d4615235dafc291eaad456","6e5cdbd7941e035113c548844426999d"],"killedBy":["bc14e4ad53d4615235dafc291eaad456"],"testsCompleted":8},{"id":"597f12ede8156d729432162c117c3e7a","mutatorName":"MethodCallRemoval","replacement":"","description":"Removes the method call.","location":{"start":{"line":166,"column":9},"end":{"line":166,"column":34}},"status":"Killed","statusReason":"PHPUnit 11.5.44 by Sebastian Bergmann and contributors.\n\nRuntime:       PHP 8.3.3\nConfiguration: C:\\Users\\mats\\AppData\\Local\\Temp\\infection\\phpunitConfiguration.597f12ede8156d729432162c117c3e7a.infection.xml\n\n.........F                                                        10 \/ 10 (100%)\nNotice: fwrite(): Write of 770 bytes failed with errno=13 Permission denied in C:\\Users\\mats\\PhpstormProjects\\Radix\\vendor\\infection\\include-interceptor\\src\\IncludeInterceptor.php on line 359\n\n\nTime: 00:01.263, Memory: 14.00 MB\n\nThere was 1 failure:\n\n1) Radix\\Tests\\Api\\UserControllerTest::testDeleteUnauthenticated\nExpectation failed for method name is \"respondWithErrors\" when invoked 1 time.\nMethod was expected to be called 1 time, actually called 0 times.\n\nFAILURES!\nTests: 10, Assertions: 40, Failures: 1.","coveredBy":["b09495fc717fc0ea74902bb6e6a2c6ea","bc14e4ad53d4615235dafc291eaad456","6e5cdbd7941e035113c548844426999d"],"killedBy":["6e5cdbd7941e035113c548844426999d"],"testsCompleted":10},{"id":"91097df615c66d35339a6dabacea2711","mutatorName":"TrueValue","replacement":"$user = User::find($id, false);","description":"Replaces a boolean literal (`true`) with its opposite value (`false`). ","location":{"start":{"line":169,"column":9},"end":{"line":169,"column":39}},"status":"Killed","statusReason":"PHPUnit 11.5.44 by Sebastian Bergmann and contributors.\n\nRuntime:       PHP 8.3.3\nConfiguration: C:\\Users\\mats\\AppData\\Local\\Temp\\infection\\phpunitConfiguration.91097df615c66d35339a6dabacea2711.infection.xml\n\n........F\nNotice: fwrite(): Write of 698 bytes failed with errno=13 Permission denied in C:\\Users\\mats\\PhpstormProjects\\Radix\\vendor\\infection\\include-interceptor\\src\\IncludeInterceptor.php on line 359\n\n\nTime: 00:01.235, Memory: 14.00 MB\n\nThere was 1 failure:\n\n1) Radix\\Tests\\Api\\UserControllerTest::testDeleteAlreadyDeleted\nFailed asserting that 404 matches expected 400.\n\nC:\\Users\\mats\\PhpstormProjects\\Radix\\tests\\Api\\UserControllerTest.php:743\n\nFAILURES!\nTests: 9, Assertions: 37, Failures: 1.","coveredBy":["b09495fc717fc0ea74902bb6e6a2c6ea","bc14e4ad53d4615235dafc291eaad456"],"killedBy":["b09495fc717fc0ea74902bb6e6a2c6ea"],"testsCompleted":9},{"id":"6bd39b4a78319d715ba947a146f3a0f3","mutatorName":"LogicalNot","replacement":"if ($user) {","description":"Removes a negation operator (`!`), e.g. transforms `!$foo` with `$foo`.","location":{"start":{"line":172,"column":9},"end":{"line":172,"column":22}},"status":"Killed","statusReason":"PHPUnit 11.5.44 by Sebastian Bergmann and contributors.\n\nRuntime:       PHP 8.3.3\nConfiguration: C:\\Users\\mats\\AppData\\Local\\Temp\\infection\\phpunitConfiguration.6bd39b4a78319d715ba947a146f3a0f3.infection.xml\n\n.......F\nNotice: fwrite(): Write of 611 bytes failed with errno=13 Permission denied in C:\\Users\\mats\\PhpstormProjects\\Radix\\vendor\\infection\\include-interceptor\\src\\IncludeInterceptor.php on line 359\n\n\nTime: 00:01.156, Memory: 14.00 MB\n\nThere was 1 failure:\n\n1) Radix\\Tests\\Api\\UserControllerTest::testDelete\nStatuskoden ska vara 200 vid en framg\u00e5ngsrik DELETE\nFailed asserting that 404 matches expected 200.\n\nC:\\Users\\mats\\PhpstormProjects\\Radix\\tests\\Api\\UserControllerTest.php:681\n\nFAILURES!\nTests: 8, Assertions: 33, Failures: 1.","coveredBy":["b09495fc717fc0ea74902bb6e6a2c6ea","bc14e4ad53d4615235dafc291eaad456"],"killedBy":["bc14e4ad53d4615235dafc291eaad456"],"testsCompleted":8},{"id":"4ea4888aa3708c78ff65c7d124a67fa0","mutatorName":"LogicalNot","replacement":"if (array_key_exists('deleted_at', $user->getAttributes())) {","description":"Removes a negation operator (`!`), e.g. transforms `!$foo` with `$foo`.","location":{"start":{"line":180,"column":9},"end":{"line":180,"column":71}},"status":"Killed","statusReason":"PHPUnit 11.5.44 by Sebastian Bergmann and contributors.\n\nRuntime:       PHP 8.3.3\nConfiguration: C:\\Users\\mats\\AppData\\Local\\Temp\\infection\\phpunitConfiguration.4ea4888aa3708c78ff65c7d124a67fa0.infection.xml\n\n........F\nNotice: fwrite(): Write of 698 bytes failed with errno=13 Permission denied in C:\\Users\\mats\\PhpstormProjects\\Radix\\vendor\\infection\\include-interceptor\\src\\IncludeInterceptor.php on line 359\n\n\nTime: 00:01.249, Memory: 14.00 MB\n\nThere was 1 failure:\n\n1) Radix\\Tests\\Api\\UserControllerTest::testDeleteAlreadyDeleted\nFailed asserting that 200 matches expected 400.\n\nC:\\Users\\mats\\PhpstormProjects\\Radix\\tests\\Api\\UserControllerTest.php:743\n\nFAILURES!\nTests: 9, Assertions: 37, Failures: 1.","coveredBy":["b09495fc717fc0ea74902bb6e6a2c6ea","bc14e4ad53d4615235dafc291eaad456"],"killedBy":["b09495fc717fc0ea74902bb6e6a2c6ea"],"testsCompleted":9},{"id":"7cf33ae5991c3b74c51461be2fa16f2d","mutatorName":"LogicalNot","replacement":"if (is_string($rawDeletedAt)) {","description":"Removes a negation operator (`!`), e.g. transforms `!$foo` with `$foo`.","location":{"start":{"line":183,"column":13},"end":{"line":183,"column":45}},"status":"Killed","statusReason":"PHPUnit 11.5.44 by Sebastian Bergmann and contributors.\n\nRuntime:       PHP 8.3.3\nConfiguration: C:\\Users\\mats\\AppData\\Local\\Temp\\infection\\phpunitConfiguration.7cf33ae5991c3b74c51461be2fa16f2d.infection.xml\n\n........F\nNotice: fwrite(): Write of 697 bytes failed with errno=13 Permission denied in C:\\Users\\mats\\PhpstormProjects\\Radix\\vendor\\infection\\include-interceptor\\src\\IncludeInterceptor.php on line 359\n\n\nTime: 00:01.205, Memory: 14.00 MB\n\nThere was 1 failure:\n\n1) Radix\\Tests\\Api\\UserControllerTest::testDeleteAlreadyDeleted\nFailed asserting that 200 matches expected 400.\n\nC:\\Users\\mats\\PhpstormProjects\\Radix\\tests\\Api\\UserControllerTest.php:743\n\nFAILURES!\nTests: 9, Assertions: 37, Failures: 1.","coveredBy":["b09495fc717fc0ea74902bb6e6a2c6ea","bc14e4ad53d4615235dafc291eaad456"],"killedBy":["b09495fc717fc0ea74902bb6e6a2c6ea"],"testsCompleted":9},{"id":"5e2a5283cc4a0461c4d72b2d8c97e22a","mutatorName":"LogicalNot","replacement":"if (empty($user->deleted_at)) {","description":"Removes a negation operator (`!`), e.g. transforms `!$foo` with `$foo`.","location":{"start":{"line":192,"column":9},"end":{"line":192,"column":41}},"status":"Killed","statusReason":"PHPUnit 11.5.44 by Sebastian Bergmann and contributors.\n\nRuntime:       PHP 8.3.3\nConfiguration: C:\\Users\\mats\\AppData\\Local\\Temp\\infection\\phpunitConfiguration.5e2a5283cc4a0461c4d72b2d8c97e22a.infection.xml\n\n.......F\nNotice: fwrite(): Write of 612 bytes failed with errno=13 Permission denied in C:\\Users\\mats\\PhpstormProjects\\Radix\\vendor\\infection\\include-interceptor\\src\\IncludeInterceptor.php on line 359\n\n\nTime: 00:01.186, Memory: 14.00 MB\n\nThere was 1 failure:\n\n1) Radix\\Tests\\Api\\UserControllerTest::testDelete\nStatuskoden ska vara 200 vid en framg\u00e5ngsrik DELETE\nFailed asserting that 400 matches expected 200.\n\nC:\\Users\\mats\\PhpstormProjects\\Radix\\tests\\Api\\UserControllerTest.php:681\n\nFAILURES!\nTests: 8, Assertions: 33, Failures: 1.","coveredBy":["b09495fc717fc0ea74902bb6e6a2c6ea","bc14e4ad53d4615235dafc291eaad456"],"killedBy":["bc14e4ad53d4615235dafc291eaad456"],"testsCompleted":8},{"id":"e9eabbf7a88930dcdc24af62ff088885","mutatorName":"ArrayItemRemoval","replacement":"","description":"Removes an element of an array literal. For example:\n\n```php\n$x = [0, 1, 2];\n```\n\nWill be mutated to:\n\n```php\n$x = [1, 2];\n```\n\nAnd:\n\n```php\n$x = [0, 2];\n```\n\nAnd:\n\n```php\n$x = [0, 1];\n```\n\nWhich elements it removes or how many elements it will attempt to remove will depend on its\nconfiguration.\n","location":{"start":{"line":193,"column":13},"end":{"line":196,"column":33}},"status":"Killed","statusReason":"PHPUnit 11.5.44 by Sebastian Bergmann and contributors.\n\nRuntime:       PHP 8.3.3\nConfiguration: C:\\Users\\mats\\AppData\\Local\\Temp\\infection\\phpunitConfiguration.e9eabbf7a88930dcdc24af62ff088885.infection.xml\n\n........F\nNotice: fwrite(): Write of 697 bytes failed with errno=13 Permission denied in C:\\Users\\mats\\PhpstormProjects\\Radix\\vendor\\infection\\include-interceptor\\src\\IncludeInterceptor.php on line 359\n\n\nTime: 00:01.227, Memory: 14.00 MB\n\nThere was 1 failure:\n\n1) Radix\\Tests\\Api\\UserControllerTest::testDeleteAlreadyDeleted\nFailed asserting that null is false.\n\nC:\\Users\\mats\\PhpstormProjects\\Radix\\tests\\Api\\UserControllerTest.php:746\n\n--\n\n1 test triggered 1 PHP warning:\n\n1) C:\\Users\\mats\\PhpstormProjects\\Radix\\tests\\Api\\UserControllerTest.php:746\nUndefined array key \"success\"\n\nFAILURES!\nTests: 9, Assertions: 38, Failures: 1, Warnings: 1.","coveredBy":["b09495fc717fc0ea74902bb6e6a2c6ea"],"killedBy":["b09495fc717fc0ea74902bb6e6a2c6ea"],"testsCompleted":9},{"id":"6e567297386b378c942ac2cd4920e2c3","mutatorName":"ReturnRemoval","replacement":"","description":"Removes a return statement.","location":{"start":{"line":193,"column":13},"end":{"line":196,"column":33}},"status":"Killed","statusReason":"PHPUnit 11.5.44 by Sebastian Bergmann and contributors.\n\nRuntime:       PHP 8.3.3\nConfiguration: C:\\Users\\mats\\AppData\\Local\\Temp\\infection\\phpunitConfiguration.6e567297386b378c942ac2cd4920e2c3.infection.xml\n\n........F\nNotice: fwrite(): Write of 698 bytes failed with errno=13 Permission denied in C:\\Users\\mats\\PhpstormProjects\\Radix\\vendor\\infection\\include-interceptor\\src\\IncludeInterceptor.php on line 359\n\n\nTime: 00:01.216, Memory: 14.00 MB\n\nThere was 1 failure:\n\n1) Radix\\Tests\\Api\\UserControllerTest::testDeleteAlreadyDeleted\nFailed asserting that 200 matches expected 400.\n\nC:\\Users\\mats\\PhpstormProjects\\Radix\\tests\\Api\\UserControllerTest.php:743\n\nFAILURES!\nTests: 9, Assertions: 37, Failures: 1.","coveredBy":["b09495fc717fc0ea74902bb6e6a2c6ea"],"killedBy":["b09495fc717fc0ea74902bb6e6a2c6ea"],"testsCompleted":9},{"id":"6b1cb3121c5da5497306fd49a88f69bf","mutatorName":"FalseValue","replacement":"'success' => true,","description":"Replaces a boolean literal (`false`) with its opposite value (`true`). ","location":{"start":{"line":194,"column":17},"end":{"line":194,"column":36}},"status":"Killed","statusReason":"PHPUnit 11.5.44 by Sebastian Bergmann and contributors.\n\nRuntime:       PHP 8.3.3\nConfiguration: C:\\Users\\mats\\AppData\\Local\\Temp\\infection\\phpunitConfiguration.6b1cb3121c5da5497306fd49a88f69bf.infection.xml\n\n........F\nNotice: fwrite(): Write of 697 bytes failed with errno=13 Permission denied in C:\\Users\\mats\\PhpstormProjects\\Radix\\vendor\\infection\\include-interceptor\\src\\IncludeInterceptor.php on line 359\n\n\nTime: 00:01.263, Memory: 14.00 MB\n\nThere was 1 failure:\n\n1) Radix\\Tests\\Api\\UserControllerTest::testDeleteAlreadyDeleted\nFailed asserting that true is false.\n\nC:\\Users\\mats\\PhpstormProjects\\Radix\\tests\\Api\\UserControllerTest.php:746\n\nFAILURES!\nTests: 9, Assertions: 38, Failures: 1.","coveredBy":["b09495fc717fc0ea74902bb6e6a2c6ea"],"killedBy":["b09495fc717fc0ea74902bb6e6a2c6ea"],"testsCompleted":9},{"id":"c658155266a354171674be58c0a752d4","mutatorName":"ArrayItemRemoval","replacement":"'errors' => [],","description":"Removes an element of an array literal. For example:\n\n```php\n$x = [0, 1, 2];\n```\n\nWill be mutated to:\n\n```php\n$x = [1, 2];\n```\n\nAnd:\n\n```php\n$x = [0, 2];\n```\n\nAnd:\n\n```php\n$x = [0, 1];\n```\n\nWhich elements it removes or how many elements it will attempt to remove will depend on its\nconfiguration.\n","location":{"start":{"line":195,"column":17},"end":{"line":195,"column":79}},"status":"Killed","statusReason":"PHPUnit 11.5.44 by Sebastian Bergmann and contributors.\n\nRuntime:       PHP 8.3.3\nConfiguration: C:\\Users\\mats\\AppData\\Local\\Temp\\infection\\phpunitConfiguration.c658155266a354171674be58c0a752d4.infection.xml\n\n........F\nNotice: fwrite(): Write of 698 bytes failed with errno=13 Permission denied in C:\\Users\\mats\\PhpstormProjects\\Radix\\vendor\\infection\\include-interceptor\\src\\IncludeInterceptor.php on line 359\n\n\nTime: 00:01.176, Memory: 14.00 MB\n\nThere was 1 failure:\n\n1) Radix\\Tests\\Api\\UserControllerTest::testDeleteAlreadyDeleted\nFailed asserting that null matches expected 'Anv\u00e4ndaren \u00e4r redan soft deleted.'.\n\nC:\\Users\\mats\\PhpstormProjects\\Radix\\tests\\Api\\UserControllerTest.php:747\n\n--\n\n1 test triggered 1 PHP warning:\n\n1) C:\\Users\\mats\\PhpstormProjects\\Radix\\tests\\Api\\UserControllerTest.php:747\nUndefined array key \"user\"\n\nFAILURES!\nTests: 9, Assertions: 39, Failures: 1, Warnings: 1.","coveredBy":["b09495fc717fc0ea74902bb6e6a2c6ea"],"killedBy":["b09495fc717fc0ea74902bb6e6a2c6ea"],"testsCompleted":9},{"id":"f66882049a51bcd8b16de02ed396558c","mutatorName":"DecrementInteger","replacement":"], 399);","description":"Decrements an integer value with 1.","location":{"start":{"line":196,"column":13},"end":{"line":196,"column":21}},"status":"Killed","statusReason":"PHPUnit 11.5.44 by Sebastian Bergmann and contributors.\n\nRuntime:       PHP 8.3.3\nConfiguration: C:\\Users\\mats\\AppData\\Local\\Temp\\infection\\phpunitConfiguration.f66882049a51bcd8b16de02ed396558c.infection.xml\n\n........F\nNotice: fwrite(): Write of 697 bytes failed with errno=13 Permission denied in C:\\Users\\mats\\PhpstormProjects\\Radix\\vendor\\infection\\include-interceptor\\src\\IncludeInterceptor.php on line 359\n\n\nTime: 00:01.196, Memory: 14.00 MB\n\nThere was 1 failure:\n\n1) Radix\\Tests\\Api\\UserControllerTest::testDeleteAlreadyDeleted\nFailed asserting that 399 matches expected 400.\n\nC:\\Users\\mats\\PhpstormProjects\\Radix\\tests\\Api\\UserControllerTest.php:743\n\nFAILURES!\nTests: 9, Assertions: 37, Failures: 1.","coveredBy":["b09495fc717fc0ea74902bb6e6a2c6ea"],"killedBy":["b09495fc717fc0ea74902bb6e6a2c6ea"],"testsCompleted":9},{"id":"e2f09623a54fa1acc21c06830d3b8232","mutatorName":"IncrementInteger","replacement":"], 401);","description":"Increments an integer value with 1.","location":{"start":{"line":196,"column":13},"end":{"line":196,"column":21}},"status":"Killed","statusReason":"PHPUnit 11.5.44 by Sebastian Bergmann and contributors.\n\nRuntime:       PHP 8.3.3\nConfiguration: C:\\Users\\mats\\AppData\\Local\\Temp\\infection\\phpunitConfiguration.e2f09623a54fa1acc21c06830d3b8232.infection.xml\n\n........F\nNotice: fwrite(): Write of 698 bytes failed with errno=13 Permission denied in C:\\Users\\mats\\PhpstormProjects\\Radix\\vendor\\infection\\include-interceptor\\src\\IncludeInterceptor.php on line 359\n\n\nTime: 00:01.239, Memory: 14.00 MB\n\nThere was 1 failure:\n\n1) Radix\\Tests\\Api\\UserControllerTest::testDeleteAlreadyDeleted\nFailed asserting that 401 matches expected 400.\n\nC:\\Users\\mats\\PhpstormProjects\\Radix\\tests\\Api\\UserControllerTest.php:743\n\nFAILURES!\nTests: 9, Assertions: 37, Failures: 1.","coveredBy":["b09495fc717fc0ea74902bb6e6a2c6ea"],"killedBy":["b09495fc717fc0ea74902bb6e6a2c6ea"],"testsCompleted":9},{"id":"e3289fccdaf90427499f3eb3a7b7ca11","mutatorName":"MethodCallRemoval","replacement":"","description":"Removes the method call.","location":{"start":{"line":201,"column":13},"end":{"line":201,"column":29}},"status":"Killed","statusReason":"PHPUnit 11.5.44 by Sebastian Bergmann and contributors.\n\nRuntime:       PHP 8.3.3\nConfiguration: C:\\Users\\mats\\AppData\\Local\\Temp\\infection\\phpunitConfiguration.e3289fccdaf90427499f3eb3a7b7ca11.infection.xml\n\n.......F\nNotice: fwrite(): Write of 609 bytes failed with errno=13 Permission denied in C:\\Users\\mats\\PhpstormProjects\\Radix\\vendor\\infection\\include-interceptor\\src\\IncludeInterceptor.php on line 359\n\n\nTime: 00:01.172, Memory: 14.00 MB\n\nThere was 1 failure:\n\n1) Radix\\Tests\\Api\\UserControllerTest::testDelete\ndeleted_at ska vara satt f\u00f6r soft deleted anv\u00e4ndare.\nFailed asserting that null is not null.\n\nC:\\Users\\mats\\PhpstormProjects\\Radix\\tests\\Api\\UserControllerTest.php:693\n\nFAILURES!\nTests: 8, Assertions: 36, Failures: 1.","coveredBy":["bc14e4ad53d4615235dafc291eaad456"],"killedBy":["bc14e4ad53d4615235dafc291eaad456"],"testsCompleted":8},{"id":"a003e0d73334130849b3a0bdddc66b20","mutatorName":"ArrayItemRemoval","replacement":"","description":"Removes an element of an array literal. For example:\n\n```php\n$x = [0, 1, 2];\n```\n\nWill be mutated to:\n\n```php\n$x = [1, 2];\n```\n\nAnd:\n\n```php\n$x = [0, 2];\n```\n\nAnd:\n\n```php\n$x = [0, 1];\n```\n\nWhich elements it removes or how many elements it will attempt to remove will depend on its\nconfiguration.\n","location":{"start":{"line":209,"column":9},"end":{"line":212,"column":29}},"status":"Killed","statusReason":"PHPUnit 11.5.44 by Sebastian Bergmann and contributors.\n\nRuntime:       PHP 8.3.3\nConfiguration: C:\\Users\\mats\\AppData\\Local\\Temp\\infection\\phpunitConfiguration.a003e0d73334130849b3a0bdddc66b20.infection.xml\n\n.......F\nNotice: fwrite(): Write of 611 bytes failed with errno=13 Permission denied in C:\\Users\\mats\\PhpstormProjects\\Radix\\vendor\\infection\\include-interceptor\\src\\IncludeInterceptor.php on line 359\n\n\nTime: 00:01.143, Memory: 14.00 MB\n\nThere was 1 failure:\n\n1) Radix\\Tests\\Api\\UserControllerTest::testDelete\nDELETE-anropet ska lyckas.\nFailed asserting that null is true.\n\nC:\\Users\\mats\\PhpstormProjects\\Radix\\tests\\Api\\UserControllerTest.php:685\n\n--\n\n1 test triggered 1 PHP warning:\n\n1) C:\\Users\\mats\\PhpstormProjects\\Radix\\tests\\Api\\UserControllerTest.php:685\nUndefined array key \"success\"\n\nFAILURES!\nTests: 8, Assertions: 34, Failures: 1, Warnings: 1.","coveredBy":["bc14e4ad53d4615235dafc291eaad456"],"killedBy":["bc14e4ad53d4615235dafc291eaad456"],"testsCompleted":8},{"id":"c7fe7f59e7a89f1b509604c6d6b1e816","mutatorName":"TrueValue","replacement":"'success' => false,","description":"Replaces a boolean literal (`true`) with its opposite value (`false`). ","location":{"start":{"line":210,"column":13},"end":{"line":210,"column":31}},"status":"Killed","statusReason":"PHPUnit 11.5.44 by Sebastian Bergmann and contributors.\n\nRuntime:       PHP 8.3.3\nConfiguration: C:\\Users\\mats\\AppData\\Local\\Temp\\infection\\phpunitConfiguration.c7fe7f59e7a89f1b509604c6d6b1e816.infection.xml\n\n.......F\nNotice: fwrite(): Write of 611 bytes failed with errno=13 Permission denied in C:\\Users\\mats\\PhpstormProjects\\Radix\\vendor\\infection\\include-interceptor\\src\\IncludeInterceptor.php on line 359\n\n\nTime: 00:01.208, Memory: 14.00 MB\n\nThere was 1 failure:\n\n1) Radix\\Tests\\Api\\UserControllerTest::testDelete\nDELETE-anropet ska lyckas.\nFailed asserting that false is true.\n\nC:\\Users\\mats\\PhpstormProjects\\Radix\\tests\\Api\\UserControllerTest.php:685\n\nFAILURES!\nTests: 8, Assertions: 34, Failures: 1.","coveredBy":["bc14e4ad53d4615235dafc291eaad456"],"killedBy":["bc14e4ad53d4615235dafc291eaad456"],"testsCompleted":8}]}},"testFiles":{"C:\\Users\\mats\\PhpstormProjects\\Radix\\tests\\Api\\UserControllerTest.php":{"tests":[{"id":"d9cb032ecd25b8794eea315ecb6cbd60","name":"Radix\\Tests\\Api\\UserControllerTest::testGet"},{"id":"85f5c831ab47be5aff39e497f271c815","name":"Radix\\Tests\\Api\\UserControllerTest::testStore"},{"id":"1e6828354c5ae086be26c120df5fbb59","name":"Radix\\Tests\\Api\\UserControllerTest::testPutUpdateWithoutPasswordKey"},{"id":"422334a1db7be54c0ab86fa1dbf6f59c","name":"Radix\\Tests\\Api\\UserControllerTest::testPutUpdate"},{"id":"5908b99e0ad02d3eef5bd85d639755bc","name":"Radix\\Tests\\Api\\UserControllerTest::testPutUpdateWithNullPassword"},{"id":"33f9da208a6c1f54bc7a499e004e5cee","name":"Radix\\Tests\\Api\\UserControllerTest::testPatchUpdate"},{"id":"ba925404eba2212ee384b50a4ca94ecb","name":"Radix\\Tests\\Api\\UserControllerTest::testPatchUpdateValidation"},{"id":"b09495fc717fc0ea74902bb6e6a2c6ea","name":"Radix\\Tests\\Api\\UserControllerTest::testDeleteAlreadyDeleted"},{"id":"bc14e4ad53d4615235dafc291eaad456","name":"Radix\\Tests\\Api\\UserControllerTest::testDelete"},{"id":"6e5cdbd7941e035113c548844426999d","name":"Radix\\Tests\\Api\\UserControllerTest::testDeleteUnauthenticated"}]}},"framework":{"name":"Infection","branding":{"homepageUrl":"https:\/\/infection.github.io\/","imageUrl":"https:\/\/infection.github.io\/images\/logo.png"}}}
            ;
        </script>
    </body>
</html>